<?xml version="1.0" encoding="UTF-8"?>
<testsuite xmlns:xsi="http://www.w3.org/2001/XMLSchema-instance" xsi:noNamespaceSchemaLocation="https://maven.apache.org/surefire/maven-surefire-plugin/xsd/surefire-test-report-3.0.xsd" version="3.0" name="com.tutopedia.backend.controllers.TutorialControllerSpec" time="12.316" tests="2" errors="0" skipped="1" failures="0">
  <properties>
[...]
</properties>
  <testcase name="when greetings then OK" classname="com.tutopedia.backend.controllers.TutorialControllerSpec" time="0.0">
    <skipped message="Ignored via @Ignore"/>
    <system-out><![CDATA[09:57:39.502 [main] INFO org.springframework.test.context.support.AnnotationConfigContextLoaderUtils -- Could not detect default configuration classes for test class [com.tutopedia.backend.BackendApplicationSpec]: BackendApplicationSpec does not declare any static, non-private, non-final, nested classes annotated with @Configuration.
09:57:39.610 [main] INFO org.springframework.boot.test.context.SpringBootTestContextBootstrapper -- Found @SpringBootConfiguration com.tutopedia.backend.BackendApplication for test class com.tutopedia.backend.BackendApplicationSpec
]]></system-out>
  </testcase>
  <testcase name="when create a tutorial, the id is filled" classname="com.tutopedia.backend.controllers.TutorialControllerSpec" time="11.72">
    <system-out><![CDATA[09:57:40.225 [main] INFO org.springframework.boot.devtools.restart.RestartApplicationListener -- Restart disabled due to context in which it is running
 ___                  ___                                                               ___                 
(   )                (   )                                                             (   )  .-.           
 | |_      ___  ___   | |_                   .--.                  .-..     .--.     .-.| |  ( __)   .---.  
(   __)   (   )(   ) (   __)                /    \                /    \   /    \   /   \ |  (''")  / .-, \ 
 | |       | |  | |   | |        .------.  |  .-. ;   .------.   ' .-,  ; |  .-. ; |  .-. |   | |  (__) ; | 
 | | ___   | |  | |   | | ___   (________) | |  | |  (________)  | |  . | |  | | | | |  | |   | |    .'`  | 
 | |(   )  | |  | |   | |(   )             | |  | |              | |  | | |  |/  | | |  | |   | |   / .'| | 
 | | | |   | |  | |   | | | |              | |  | |              | |  | | |  ' _.' | |  | |   | |  | /  | | 
 | ' | |   | |  ; '   | ' | |              | '  | |              | |  ' | |  .'.-. | '  | |   | |  ; |  ; | 
 ' `-' ;   ' `-'  /   ' `-' ;              '  `-' /              | `-'  ' '  `-' / ' `-'  /   | |  ' `-'  | 
  `.__.     '.__.'     `.__.                `.__.'               | \__.'   `.__.'   `.__,'   (___) `.__.'_. 
                                                                 | |                                        
                                                                (___)                                       
2024-11-25T09:57:40.549+01:00  INFO 22551 --- [Tut-O-Pedia Backend] [           main] c.t.b.c.TutorialControllerSpec           : Starting TutorialControllerSpec using Java 20 with PID 22551 (started by rudiwelter in /Users/rudiwelter/Workdir/Tut-O-Pedia/Backend)
2024-11-25T09:57:40.553+01:00  INFO 22551 --- [Tut-O-Pedia Backend] [           main] c.t.b.c.TutorialControllerSpec           : The following 1 profile is active: "test"
2024-11-25T09:57:41.697+01:00  INFO 22551 --- [Tut-O-Pedia Backend] [           main] .s.d.r.c.RepositoryConfigurationDelegate : Bootstrapping Spring Data JPA repositories in DEFAULT mode.
2024-11-25T09:57:41.773+01:00  INFO 22551 --- [Tut-O-Pedia Backend] [           main] .s.d.r.c.RepositoryConfigurationDelegate : Finished Spring Data repository scanning in 67 ms. Found 4 JPA repository interfaces.
2024-11-25T09:57:42.856+01:00  INFO 22551 --- [Tut-O-Pedia Backend] [           main] o.s.b.w.embedded.tomcat.TomcatWebServer  : Tomcat initialized with port 8081 (http)
2024-11-25T09:57:42.874+01:00  INFO 22551 --- [Tut-O-Pedia Backend] [           main] o.apache.catalina.core.StandardService   : Starting service [Tomcat]
2024-11-25T09:57:42.875+01:00  INFO 22551 --- [Tut-O-Pedia Backend] [           main] o.apache.catalina.core.StandardEngine    : Starting Servlet engine: [Apache Tomcat/10.1.28]
2024-11-25T09:57:42.958+01:00  INFO 22551 --- [Tut-O-Pedia Backend] [           main] o.a.c.c.C.[Tomcat].[localhost].[/]       : Initializing Spring embedded WebApplicationContext
2024-11-25T09:57:42.961+01:00  INFO 22551 --- [Tut-O-Pedia Backend] [           main] w.s.c.ServletWebServerApplicationContext : Root WebApplicationContext: initialization completed in 2374 ms
===== INIT TEST DB =====
USER     : sa
PASSWORD : sa
HOST     : jdbc:h2:mem
DATABASE : tutopedia_db
2024-11-25T09:57:44.300+01:00  INFO 22551 --- [Tut-O-Pedia Backend] [           main] liquibase.changelog                      : Reading resource: db/changelog-test/db.changelog-test-1.sql
2024-11-25T09:57:44.307+01:00  INFO 22551 --- [Tut-O-Pedia Backend] [           main] liquibase.changelog                      : Reading resource: db/changelog-test/db.changelog-test-2.sql
2024-11-25T09:57:44.309+01:00  INFO 22551 --- [Tut-O-Pedia Backend] [           main] liquibase.changelog                      : Reading resource: db/changelog-test/db.changelog-test-3.sql
2024-11-25T09:57:44.311+01:00  INFO 22551 --- [Tut-O-Pedia Backend] [           main] liquibase.changelog                      : Reading resource: db/changelog-test/db.changelog-test-4.sql
2024-11-25T09:57:44.313+01:00  INFO 22551 --- [Tut-O-Pedia Backend] [           main] liquibase.changelog                      : Reading resource: db/changelog-test/db.changelog-test-5.sql
2024-11-25T09:57:44.314+01:00  INFO 22551 --- [Tut-O-Pedia Backend] [           main] liquibase.changelog                      : Reading resource: db/changelog-test/db.changelog-test-6.sql
2024-11-25T09:57:44.315+01:00  INFO 22551 --- [Tut-O-Pedia Backend] [           main] liquibase.changelog                      : Reading resource: db/changelog-test/db.changelog-test-7.sql
2024-11-25T09:57:44.317+01:00  INFO 22551 --- [Tut-O-Pedia Backend] [           main] liquibase.changelog                      : Reading resource: db/changelog-test/db.changelog-test-8.sql
2024-11-25T09:57:44.318+01:00  INFO 22551 --- [Tut-O-Pedia Backend] [           main] liquibase.changelog                      : Reading resource: db/changelog-test/db.changelog-test-9.sql
2024-11-25T09:57:44.358+01:00  INFO 22551 --- [Tut-O-Pedia Backend] [           main] liquibase.changelog                      : Creating database history table with name: PUBLIC.DATABASECHANGELOG
2024-11-25T09:57:44.481+01:00  INFO 22551 --- [Tut-O-Pedia Backend] [           main] liquibase.changelog                      : Reading from PUBLIC.DATABASECHANGELOG
2024-11-25T09:57:44.532+01:00  INFO 22551 --- [Tut-O-Pedia Backend] [           main] liquibase.lockservice                    : Successfully acquired change log lock
2024-11-25T09:57:44.533+01:00  INFO 22551 --- [Tut-O-Pedia Backend] [           main] liquibase.command                        : Using deploymentId: 2525064533
2024-11-25T09:57:44.535+01:00  INFO 22551 --- [Tut-O-Pedia Backend] [           main] liquibase.changelog                      : Reading from PUBLIC.DATABASECHANGELOG
2024-11-25T09:57:44.663+01:00  INFO 22551 --- [Tut-O-Pedia Backend] [           main] liquibase.ui                             : Running Changeset: db/changelog-test/db.changelog-test-1.sql::raw::includeAll
2024-11-25T09:57:44.677+01:00  INFO 22551 --- [Tut-O-Pedia Backend] [           main] liquibase.changelog                      : Custom SQL executed
2024-11-25T09:57:44.678+01:00  INFO 22551 --- [Tut-O-Pedia Backend] [           main] liquibase.changelog                      : ChangeSet db/changelog-test/db.changelog-test-1.sql::raw::includeAll ran successfully in 14ms
2024-11-25T09:57:44.687+01:00  INFO 22551 --- [Tut-O-Pedia Backend] [           main] liquibase.ui                             : Running Changeset: db/changelog-test/db.changelog-test-2.sql::raw::includeAll
2024-11-25T09:57:44.691+01:00  INFO 22551 --- [Tut-O-Pedia Backend] [           main] liquibase.changelog                      : Custom SQL executed
2024-11-25T09:57:44.691+01:00  INFO 22551 --- [Tut-O-Pedia Backend] [           main] liquibase.changelog                      : ChangeSet db/changelog-test/db.changelog-test-2.sql::raw::includeAll ran successfully in 4ms
2024-11-25T09:57:44.695+01:00  INFO 22551 --- [Tut-O-Pedia Backend] [           main] liquibase.ui                             : Running Changeset: db/changelog-test/db.changelog-test-3.sql::raw::includeAll
2024-11-25T09:57:44.697+01:00  INFO 22551 --- [Tut-O-Pedia Backend] [           main] liquibase.changelog                      : Custom SQL executed
2024-11-25T09:57:44.698+01:00  INFO 22551 --- [Tut-O-Pedia Backend] [           main] liquibase.changelog                      : ChangeSet db/changelog-test/db.changelog-test-3.sql::raw::includeAll ran successfully in 3ms
2024-11-25T09:57:44.700+01:00  INFO 22551 --- [Tut-O-Pedia Backend] [           main] liquibase.ui                             : Running Changeset: db/changelog-test/db.changelog-test-4.sql::raw::includeAll
2024-11-25T09:57:44.702+01:00  INFO 22551 --- [Tut-O-Pedia Backend] [           main] liquibase.changelog                      : Custom SQL executed
2024-11-25T09:57:44.702+01:00  INFO 22551 --- [Tut-O-Pedia Backend] [           main] liquibase.changelog                      : ChangeSet db/changelog-test/db.changelog-test-4.sql::raw::includeAll ran successfully in 2ms
2024-11-25T09:57:44.704+01:00  INFO 22551 --- [Tut-O-Pedia Backend] [           main] liquibase.ui                             : Running Changeset: db/changelog-test/db.changelog-test-5.sql::raw::includeAll
2024-11-25T09:57:44.707+01:00  INFO 22551 --- [Tut-O-Pedia Backend] [           main] liquibase.changelog                      : Custom SQL executed
2024-11-25T09:57:44.707+01:00  INFO 22551 --- [Tut-O-Pedia Backend] [           main] liquibase.changelog                      : ChangeSet db/changelog-test/db.changelog-test-5.sql::raw::includeAll ran successfully in 3ms
2024-11-25T09:57:44.709+01:00  INFO 22551 --- [Tut-O-Pedia Backend] [           main] liquibase.ui                             : Running Changeset: db/changelog-test/db.changelog-test-6.sql::raw::includeAll
2024-11-25T09:57:44.711+01:00  INFO 22551 --- [Tut-O-Pedia Backend] [           main] liquibase.changelog                      : Custom SQL executed
2024-11-25T09:57:44.711+01:00  INFO 22551 --- [Tut-O-Pedia Backend] [           main] liquibase.changelog                      : ChangeSet db/changelog-test/db.changelog-test-6.sql::raw::includeAll ran successfully in 2ms
2024-11-25T09:57:44.713+01:00  INFO 22551 --- [Tut-O-Pedia Backend] [           main] liquibase.ui                             : Running Changeset: db/changelog-test/db.changelog-test-7.sql::raw::includeAll
2024-11-25T09:57:44.719+01:00  INFO 22551 --- [Tut-O-Pedia Backend] [           main] liquibase.changelog                      : Custom SQL executed
2024-11-25T09:57:44.720+01:00  INFO 22551 --- [Tut-O-Pedia Backend] [           main] liquibase.changelog                      : ChangeSet db/changelog-test/db.changelog-test-7.sql::raw::includeAll ran successfully in 6ms
2024-11-25T09:57:44.722+01:00  INFO 22551 --- [Tut-O-Pedia Backend] [           main] liquibase.ui                             : Running Changeset: db/changelog-test/db.changelog-test-8.sql::raw::includeAll
2024-11-25T09:57:44.724+01:00  INFO 22551 --- [Tut-O-Pedia Backend] [           main] liquibase.changelog                      : Custom SQL executed
2024-11-25T09:57:44.725+01:00  INFO 22551 --- [Tut-O-Pedia Backend] [           main] liquibase.changelog                      : ChangeSet db/changelog-test/db.changelog-test-8.sql::raw::includeAll ran successfully in 2ms
2024-11-25T09:57:44.726+01:00  INFO 22551 --- [Tut-O-Pedia Backend] [           main] liquibase.ui                             : Running Changeset: db/changelog-test/db.changelog-test-9.sql::raw::includeAll
2024-11-25T09:57:44.728+01:00  INFO 22551 --- [Tut-O-Pedia Backend] [           main] liquibase.changelog                      : Custom SQL executed
2024-11-25T09:57:44.729+01:00  INFO 22551 --- [Tut-O-Pedia Backend] [           main] liquibase.changelog                      : ChangeSet db/changelog-test/db.changelog-test-9.sql::raw::includeAll ran successfully in 2ms
2024-11-25T09:57:44.732+01:00  INFO 22551 --- [Tut-O-Pedia Backend] [           main] liquibase.ui                             : Running Changeset: db/db.changelog-master-test.xml::loadUpdateDataTutorials::rudi.welter
2024-11-25T09:57:44.787+01:00  INFO 22551 --- [Tut-O-Pedia Backend] [           main] liquibase.changelog                      : Data loaded from 'tutorials.csv' into table 'tutorial'
2024-11-25T09:57:44.788+01:00  INFO 22551 --- [Tut-O-Pedia Backend] [           main] liquibase.changelog                      : ChangeSet db/db.changelog-master-test.xml::loadUpdateDataTutorials::rudi.welter ran successfully in 56ms
2024-11-25T09:57:44.885+01:00  INFO 22551 --- [Tut-O-Pedia Backend] [           main] liquibase.ui                             : Running Changeset: db/db.changelog-master-test.xml::loadUpdateDataFiles::rudi.welter
2024-11-25T09:57:45.074+01:00  INFO 22551 --- [Tut-O-Pedia Backend] [           main] liquibase.changelog                      : Data loaded from 'files.csv' into table 'file'
2024-11-25T09:57:45.075+01:00  INFO 22551 --- [Tut-O-Pedia Backend] [           main] liquibase.changelog                      : ChangeSet db/db.changelog-master-test.xml::loadUpdateDataFiles::rudi.welter ran successfully in 189ms
2024-11-25T09:57:45.084+01:00  INFO 22551 --- [Tut-O-Pedia Backend] [           main] liquibase.util                           : UPDATE SUMMARY
2024-11-25T09:57:45.084+01:00  INFO 22551 --- [Tut-O-Pedia Backend] [           main] liquibase.util                           : Run:                         11
2024-11-25T09:57:45.084+01:00  INFO 22551 --- [Tut-O-Pedia Backend] [           main] liquibase.util                           : Previously run:               0
2024-11-25T09:57:45.084+01:00  INFO 22551 --- [Tut-O-Pedia Backend] [           main] liquibase.util                           : Filtered out:                 0
2024-11-25T09:57:45.084+01:00  INFO 22551 --- [Tut-O-Pedia Backend] [           main] liquibase.util                           : -------------------------------
2024-11-25T09:57:45.084+01:00  INFO 22551 --- [Tut-O-Pedia Backend] [           main] liquibase.util                           : Total change sets:           11
2024-11-25T09:57:45.085+01:00  INFO 22551 --- [Tut-O-Pedia Backend] [           main] liquibase.util                           : Update summary generated
2024-11-25T09:57:45.088+01:00  INFO 22551 --- [Tut-O-Pedia Backend] [           main] liquibase.command                        : Update command completed successfully.
2024-11-25T09:57:45.089+01:00  INFO 22551 --- [Tut-O-Pedia Backend] [           main] liquibase.ui                             : Liquibase: Update has been successful. Rows affected: 43
2024-11-25T09:57:45.091+01:00  INFO 22551 --- [Tut-O-Pedia Backend] [           main] liquibase.lockservice                    : Successfully released change log lock
2024-11-25T09:57:45.093+01:00  INFO 22551 --- [Tut-O-Pedia Backend] [           main] liquibase.command                        : Command execution complete
2024-11-25T09:57:45.230+01:00  INFO 22551 --- [Tut-O-Pedia Backend] [           main] o.hibernate.jpa.internal.util.LogHelper  : HHH000204: Processing PersistenceUnitInfo [name: default]
2024-11-25T09:57:45.330+01:00  INFO 22551 --- [Tut-O-Pedia Backend] [           main] org.hibernate.Version                    : HHH000412: Hibernate ORM core version 6.5.2.Final
2024-11-25T09:57:45.385+01:00  INFO 22551 --- [Tut-O-Pedia Backend] [           main] o.h.c.internal.RegionFactoryInitiator    : HHH000026: Second-level cache disabled
2024-11-25T09:57:45.767+01:00  INFO 22551 --- [Tut-O-Pedia Backend] [           main] o.s.o.j.p.SpringPersistenceUnitInfo      : No LoadTimeWeaver setup: ignoring JPA class transformer
2024-11-25T09:57:45.825+01:00  WARN 22551 --- [Tut-O-Pedia Backend] [           main] org.hibernate.dialect.Dialect            : HHH000511: The 2.2.224 version for [org.hibernate.dialect.PostgreSQLDialect] is no longer supported, hence certain features may not work properly. The minimum supported version is 12.0.0. Check the community dialects project for available legacy versions.
2024-11-25T09:57:45.832+01:00  WARN 22551 --- [Tut-O-Pedia Backend] [           main] org.hibernate.orm.deprecation            : HHH90000025: PostgreSQLDialect does not need to be specified explicitly using 'hibernate.dialect' (remove the property setting and it will be selected by default)
2024-11-25T09:57:46.823+01:00  INFO 22551 --- [Tut-O-Pedia Backend] [           main] o.h.e.t.j.p.i.JtaPlatformInitiator       : HHH000489: No JTA platform available (set 'hibernate.transaction.jta.platform' to enable JTA platform integration)
2024-11-25T09:57:46.850+01:00  INFO 22551 --- [Tut-O-Pedia Backend] [           main] j.LocalContainerEntityManagerFactoryBean : Initialized JPA EntityManagerFactory for persistence unit 'default'
2024-11-25T09:57:47.163+01:00  INFO 22551 --- [Tut-O-Pedia Backend] [           main] o.s.d.j.r.query.QueryEnhancerFactory     : Hibernate is in classpath; If applicable, HQL parser will be used.
===== INIT OCI =====
FIND SETTING NOK => NULL
===== PERSIST TENANCY =====
ocid1.tenancy.oc1..aaaaaaaa5nfwo53cezleyy6t73v6rn6knhu3molvptnl3kcq34l5ztenancy
FIND SETTING NOK => NULL
===== PERSIST REGION =====
eu-frankfurt-1
2024-11-25T09:57:48.102+01:00  WARN 22551 --- [Tut-O-Pedia Backend] [           main] JpaBaseConfiguration$JpaWebConfiguration : spring.jpa.open-in-view is enabled by default. Therefore, database queries may be performed during view rendering. Explicitly configure spring.jpa.open-in-view to disable this warning
2024-11-25T09:57:49.139+01:00  WARN 22551 --- [Tut-O-Pedia Backend] [           main] .b.a.g.t.GroovyTemplateAutoConfiguration : Cannot find template location: classpath:/templates/ (please add some templates, check your Groovy configuration, or set spring.groovy.template.check-template-location=false)
2024-11-25T09:57:49.560+01:00  INFO 22551 --- [Tut-O-Pedia Backend] [           main] o.s.b.w.embedded.tomcat.TomcatWebServer  : Tomcat started on port 8081 (http) with context path '/'
2024-11-25T09:57:49.672+01:00  INFO 22551 --- [Tut-O-Pedia Backend] [           main] o.s.b.w.embedded.tomcat.TomcatWebServer  : Tomcat initialized with port 8082 (http)
2024-11-25T09:57:49.674+01:00  INFO 22551 --- [Tut-O-Pedia Backend] [           main] o.apache.catalina.core.StandardService   : Starting service [Tomcat]
2024-11-25T09:57:49.674+01:00  INFO 22551 --- [Tut-O-Pedia Backend] [           main] o.apache.catalina.core.StandardEngine    : Starting Servlet engine: [Apache Tomcat/10.1.28]
2024-11-25T09:57:49.709+01:00  INFO 22551 --- [Tut-O-Pedia Backend] [           main] o.a.c.c.C.[Tomcat-1].[localhost].[/]     : Initializing Spring embedded WebApplicationContext
2024-11-25T09:57:49.709+01:00  INFO 22551 --- [Tut-O-Pedia Backend] [           main] w.s.c.ServletWebServerApplicationContext : Root WebApplicationContext: initialization completed in 143 ms
2024-11-25T09:57:49.731+01:00  INFO 22551 --- [Tut-O-Pedia Backend] [           main] o.s.b.a.e.web.EndpointLinksResolver      : Exposing 15 endpoints beneath base path '/actuator'
2024-11-25T09:57:49.808+01:00  INFO 22551 --- [Tut-O-Pedia Backend] [           main] o.s.b.w.embedded.tomcat.TomcatWebServer  : Tomcat started on port 8082 (http) with context path '/'
2024-11-25T09:57:49.833+01:00  INFO 22551 --- [Tut-O-Pedia Backend] [           main] c.t.b.c.TutorialControllerSpec           : Started TutorialControllerSpec in 9.626 seconds (process running for 11.188)
===== DB CLEAR 1 =====
===== DB CLEAR 4 =====
2024-11-25T09:57:49.974+01:00  INFO 22551 --- [Tut-O-Pedia Backend] [           main] liquibase.ui                             : INFO: The drop-all command may result in unrecoverable destructive changes to objects at 'jdbc:h2:mem:tutopedia_db'.
To protect against unwanted drops, set --requireForce=true, which will require a --force=true flag on the command.
Learn more at https://docs.liquibase.com/dropall.

2024-11-25T09:57:49.982+01:00  INFO 22551 --- [Tut-O-Pedia Backend] [           main] liquibase.lockservice                    : Successfully acquired change log lock
2024-11-25T09:57:49.985+01:00  INFO 22551 --- [Tut-O-Pedia Backend] [           main] liquibase.command                        : Dropping Database Objects in schema: TUTOPEDIA_DB.PUBLIC
2024-11-25T09:57:49.995+01:00  INFO 22551 --- [Tut-O-Pedia Backend] [           main] liquibase.snapshot                       : Creating snapshot
2024-11-25T09:57:50.125+01:00  INFO 22551 --- [Tut-O-Pedia Backend] [           main] liquibase.database                       : Successfully deleted all supported object types in schema TUTOPEDIA_DB.PUBLIC.
2024-11-25T09:57:50.127+01:00  WARN 22551 --- [Tut-O-Pedia Backend] [           main] liquibase.lockservice                    : Failed to release change log lock
2024-11-25T09:57:50.129+01:00  INFO 22551 --- [Tut-O-Pedia Backend] [           main] liquibase.ui                             : All objects dropped from SA@jdbc:h2:mem:tutopedia_db
2024-11-25T09:57:50.130+01:00  INFO 22551 --- [Tut-O-Pedia Backend] [           main] liquibase.command                        : Command execution complete
2024-11-25T09:57:50.195+01:00  INFO 22551 --- [Tut-O-Pedia Backend] [           main] liquibase.changelog                      : Reading resource: db/changelog-test/db.changelog-test-1.sql
2024-11-25T09:57:50.197+01:00  INFO 22551 --- [Tut-O-Pedia Backend] [           main] liquibase.changelog                      : Reading resource: db/changelog-test/db.changelog-test-2.sql
2024-11-25T09:57:50.199+01:00  INFO 22551 --- [Tut-O-Pedia Backend] [           main] liquibase.changelog                      : Reading resource: db/changelog-test/db.changelog-test-3.sql
2024-11-25T09:57:50.201+01:00  INFO 22551 --- [Tut-O-Pedia Backend] [           main] liquibase.changelog                      : Reading resource: db/changelog-test/db.changelog-test-4.sql
2024-11-25T09:57:50.202+01:00  INFO 22551 --- [Tut-O-Pedia Backend] [           main] liquibase.changelog                      : Reading resource: db/changelog-test/db.changelog-test-5.sql
2024-11-25T09:57:50.204+01:00  INFO 22551 --- [Tut-O-Pedia Backend] [           main] liquibase.changelog                      : Reading resource: db/changelog-test/db.changelog-test-6.sql
2024-11-25T09:57:50.206+01:00  INFO 22551 --- [Tut-O-Pedia Backend] [           main] liquibase.changelog                      : Reading resource: db/changelog-test/db.changelog-test-7.sql
2024-11-25T09:57:50.208+01:00  INFO 22551 --- [Tut-O-Pedia Backend] [           main] liquibase.changelog                      : Reading resource: db/changelog-test/db.changelog-test-8.sql
2024-11-25T09:57:50.210+01:00  INFO 22551 --- [Tut-O-Pedia Backend] [           main] liquibase.changelog                      : Reading resource: db/changelog-test/db.changelog-test-9.sql
2024-11-25T09:57:50.213+01:00  INFO 22551 --- [Tut-O-Pedia Backend] [           main] liquibase.changelog                      : Creating database history table with name: PUBLIC.DATABASECHANGELOG
2024-11-25T09:57:50.217+01:00  INFO 22551 --- [Tut-O-Pedia Backend] [           main] liquibase.changelog                      : Reading from PUBLIC.DATABASECHANGELOG
2024-11-25T09:57:50.228+01:00  INFO 22551 --- [Tut-O-Pedia Backend] [           main] liquibase.lockservice                    : Successfully acquired change log lock
2024-11-25T09:57:50.228+01:00  INFO 22551 --- [Tut-O-Pedia Backend] [           main] liquibase.command                        : Using deploymentId: 2525070228
2024-11-25T09:57:50.229+01:00  INFO 22551 --- [Tut-O-Pedia Backend] [           main] liquibase.changelog                      : Reading from PUBLIC.DATABASECHANGELOG
2024-11-25T09:57:50.332+01:00  INFO 22551 --- [Tut-O-Pedia Backend] [           main] liquibase.ui                             : Running Changeset: db/changelog-test/db.changelog-test-1.sql::raw::includeAll
2024-11-25T09:57:50.339+01:00  INFO 22551 --- [Tut-O-Pedia Backend] [           main] liquibase.changelog                      : Custom SQL executed
2024-11-25T09:57:50.340+01:00  INFO 22551 --- [Tut-O-Pedia Backend] [           main] liquibase.changelog                      : ChangeSet db/changelog-test/db.changelog-test-1.sql::raw::includeAll ran successfully in 6ms
2024-11-25T09:57:50.343+01:00  INFO 22551 --- [Tut-O-Pedia Backend] [           main] liquibase.ui                             : Running Changeset: db/changelog-test/db.changelog-test-2.sql::raw::includeAll
2024-11-25T09:57:50.346+01:00  INFO 22551 --- [Tut-O-Pedia Backend] [           main] liquibase.changelog                      : Custom SQL executed
2024-11-25T09:57:50.347+01:00  INFO 22551 --- [Tut-O-Pedia Backend] [           main] liquibase.changelog                      : ChangeSet db/changelog-test/db.changelog-test-2.sql::raw::includeAll ran successfully in 3ms
2024-11-25T09:57:50.349+01:00  INFO 22551 --- [Tut-O-Pedia Backend] [           main] liquibase.ui                             : Running Changeset: db/changelog-test/db.changelog-test-3.sql::raw::includeAll
2024-11-25T09:57:50.352+01:00  INFO 22551 --- [Tut-O-Pedia Backend] [           main] liquibase.changelog                      : Custom SQL executed
2024-11-25T09:57:50.353+01:00  INFO 22551 --- [Tut-O-Pedia Backend] [           main] liquibase.changelog                      : ChangeSet db/changelog-test/db.changelog-test-3.sql::raw::includeAll ran successfully in 4ms
2024-11-25T09:57:50.356+01:00  INFO 22551 --- [Tut-O-Pedia Backend] [           main] liquibase.ui                             : Running Changeset: db/changelog-test/db.changelog-test-4.sql::raw::includeAll
2024-11-25T09:57:50.359+01:00  INFO 22551 --- [Tut-O-Pedia Backend] [           main] liquibase.changelog                      : Custom SQL executed
2024-11-25T09:57:50.360+01:00  INFO 22551 --- [Tut-O-Pedia Backend] [           main] liquibase.changelog                      : ChangeSet db/changelog-test/db.changelog-test-4.sql::raw::includeAll ran successfully in 2ms
2024-11-25T09:57:50.362+01:00  INFO 22551 --- [Tut-O-Pedia Backend] [           main] liquibase.ui                             : Running Changeset: db/changelog-test/db.changelog-test-5.sql::raw::includeAll
2024-11-25T09:57:50.366+01:00  INFO 22551 --- [Tut-O-Pedia Backend] [           main] liquibase.changelog                      : Custom SQL executed
2024-11-25T09:57:50.367+01:00  INFO 22551 --- [Tut-O-Pedia Backend] [           main] liquibase.changelog                      : ChangeSet db/changelog-test/db.changelog-test-5.sql::raw::includeAll ran successfully in 5ms
2024-11-25T09:57:50.369+01:00  INFO 22551 --- [Tut-O-Pedia Backend] [           main] liquibase.ui                             : Running Changeset: db/changelog-test/db.changelog-test-6.sql::raw::includeAll
2024-11-25T09:57:50.372+01:00  INFO 22551 --- [Tut-O-Pedia Backend] [           main] liquibase.changelog                      : Custom SQL executed
2024-11-25T09:57:50.373+01:00  INFO 22551 --- [Tut-O-Pedia Backend] [           main] liquibase.changelog                      : ChangeSet db/changelog-test/db.changelog-test-6.sql::raw::includeAll ran successfully in 3ms
2024-11-25T09:57:50.376+01:00  INFO 22551 --- [Tut-O-Pedia Backend] [           main] liquibase.ui                             : Running Changeset: db/changelog-test/db.changelog-test-7.sql::raw::includeAll
2024-11-25T09:57:50.382+01:00  INFO 22551 --- [Tut-O-Pedia Backend] [           main] liquibase.changelog                      : Custom SQL executed
2024-11-25T09:57:50.383+01:00  INFO 22551 --- [Tut-O-Pedia Backend] [           main] liquibase.changelog                      : ChangeSet db/changelog-test/db.changelog-test-7.sql::raw::includeAll ran successfully in 7ms
2024-11-25T09:57:50.385+01:00  INFO 22551 --- [Tut-O-Pedia Backend] [           main] liquibase.ui                             : Running Changeset: db/changelog-test/db.changelog-test-8.sql::raw::includeAll
2024-11-25T09:57:50.389+01:00  INFO 22551 --- [Tut-O-Pedia Backend] [           main] liquibase.changelog                      : Custom SQL executed
2024-11-25T09:57:50.389+01:00  INFO 22551 --- [Tut-O-Pedia Backend] [           main] liquibase.changelog                      : ChangeSet db/changelog-test/db.changelog-test-8.sql::raw::includeAll ran successfully in 4ms
2024-11-25T09:57:50.392+01:00  INFO 22551 --- [Tut-O-Pedia Backend] [           main] liquibase.ui                             : Running Changeset: db/changelog-test/db.changelog-test-9.sql::raw::includeAll
2024-11-25T09:57:50.394+01:00  INFO 22551 --- [Tut-O-Pedia Backend] [           main] liquibase.changelog                      : Custom SQL executed
2024-11-25T09:57:50.395+01:00  INFO 22551 --- [Tut-O-Pedia Backend] [           main] liquibase.changelog                      : ChangeSet db/changelog-test/db.changelog-test-9.sql::raw::includeAll ran successfully in 3ms
2024-11-25T09:57:50.398+01:00  INFO 22551 --- [Tut-O-Pedia Backend] [           main] liquibase.ui                             : Running Changeset: db/db.changelog-master-test.xml::loadUpdateDataTutorials::rudi.welter
2024-11-25T09:57:50.434+01:00  INFO 22551 --- [Tut-O-Pedia Backend] [           main] liquibase.changelog                      : Data loaded from 'tutorials.csv' into table 'tutorial'
2024-11-25T09:57:50.435+01:00  INFO 22551 --- [Tut-O-Pedia Backend] [           main] liquibase.changelog                      : ChangeSet db/db.changelog-master-test.xml::loadUpdateDataTutorials::rudi.welter ran successfully in 35ms
2024-11-25T09:57:50.550+01:00  INFO 22551 --- [Tut-O-Pedia Backend] [           main] liquibase.ui                             : Running Changeset: db/db.changelog-master-test.xml::loadUpdateDataFiles::rudi.welter
2024-11-25T09:57:50.851+01:00  INFO 22551 --- [Tut-O-Pedia Backend] [           main] liquibase.changelog                      : Data loaded from 'files.csv' into table 'file'
2024-11-25T09:57:50.851+01:00  INFO 22551 --- [Tut-O-Pedia Backend] [           main] liquibase.changelog                      : ChangeSet db/db.changelog-master-test.xml::loadUpdateDataFiles::rudi.welter ran successfully in 301ms
2024-11-25T09:57:50.853+01:00  INFO 22551 --- [Tut-O-Pedia Backend] [           main] liquibase.util                           : UPDATE SUMMARY
2024-11-25T09:57:50.853+01:00  INFO 22551 --- [Tut-O-Pedia Backend] [           main] liquibase.util                           : Run:                         11
2024-11-25T09:57:50.853+01:00  INFO 22551 --- [Tut-O-Pedia Backend] [           main] liquibase.util                           : Previously run:               0
2024-11-25T09:57:50.853+01:00  INFO 22551 --- [Tut-O-Pedia Backend] [           main] liquibase.util                           : Filtered out:                 0
2024-11-25T09:57:50.853+01:00  INFO 22551 --- [Tut-O-Pedia Backend] [           main] liquibase.util                           : -------------------------------
2024-11-25T09:57:50.853+01:00  INFO 22551 --- [Tut-O-Pedia Backend] [           main] liquibase.util                           : Total change sets:           11
2024-11-25T09:57:50.853+01:00  INFO 22551 --- [Tut-O-Pedia Backend] [           main] liquibase.util                           : Update summary generated
2024-11-25T09:57:50.854+01:00  INFO 22551 --- [Tut-O-Pedia Backend] [           main] liquibase.command                        : Update command completed successfully.
2024-11-25T09:57:50.854+01:00  INFO 22551 --- [Tut-O-Pedia Backend] [           main] liquibase.ui                             : Liquibase: Update has been successful. Rows affected: 43
2024-11-25T09:57:50.854+01:00  INFO 22551 --- [Tut-O-Pedia Backend] [           main] liquibase.lockservice                    : Successfully released change log lock
2024-11-25T09:57:50.855+01:00  INFO 22551 --- [Tut-O-Pedia Backend] [           main] liquibase.command                        : Command execution complete
API_URL = + http://localhost:8081/api
2024-11-25T09:57:51.688+01:00  INFO 22551 --- [Tut-O-Pedia Backend] [nio-8081-exec-1] o.a.c.c.C.[Tomcat].[localhost].[/]       : Initializing Spring DispatcherServlet 'dispatcherServlet'
2024-11-25T09:57:51.689+01:00  INFO 22551 --- [Tut-O-Pedia Backend] [nio-8081-exec-1] o.s.web.servlet.DispatcherServlet        : Initializing Servlet 'dispatcherServlet'
2024-11-25T09:57:51.691+01:00  INFO 22551 --- [Tut-O-Pedia Backend] [nio-8081-exec-1] o.s.web.servlet.DispatcherServlet        : Completed initialization in 1 ms
[2024-11-25 09:57:51 : createTutorial]
[2024-11-25 09:57:51 : createTutorial1]
[2024-11-25 09:57:51 : createTutorial2]
===== DB CLEAR 3a =====
]]></system-out>
  </testcase>
</testsuite>