<?xml version="1.0" encoding="UTF-8"?>
<testsuite xmlns:xsi="http://www.w3.org/2001/XMLSchema-instance" xsi:noNamespaceSchemaLocation="https://maven.apache.org/surefire/maven-surefire-plugin/xsd/surefire-test-report-3.0.xsd" version="3.0" name="com.tutopedia.backend.controllers.TutorialControllerSpec" time="0.595" tests="29" errors="0" skipped="29" failures="0">
  <properties>
[...]
</properties>
  <testcase name="when greetings then OK" classname="com.tutopedia.backend.controllers.TutorialControllerSpec" time="0.0">
    <skipped message="Ignored via @Ignore"/>
  </testcase>
  <testcase name="when create tutorial then CREATED" classname="com.tutopedia.backend.controllers.TutorialControllerSpec" time="0.0">
    <skipped message="Ignored via @Ignore"/>
  </testcase>
  <testcase name="when find all tutorials then OK" classname="com.tutopedia.backend.controllers.TutorialControllerSpec" time="0.0">
    <skipped message="Ignored via @Ignore"/>
  </testcase>
  <testcase name="when find all unpublished tutorials then OK" classname="com.tutopedia.backend.controllers.TutorialControllerSpec" time="0.0">
    <skipped message="Ignored via @Ignore"/>
  </testcase>
  <testcase name="when find tutorial by id then OK" classname="com.tutopedia.backend.controllers.TutorialControllerSpec" time="0.0">
    <skipped message="Ignored via @Ignore"/>
  </testcase>
  <testcase name="when find tutorial by id then NOT FOUND" classname="com.tutopedia.backend.controllers.TutorialControllerSpec" time="0.0">
    <skipped message="Ignored via @Ignore"/>
  </testcase>
  <testcase name="when update tutorial by id then OK" classname="com.tutopedia.backend.controllers.TutorialControllerSpec" time="0.0">
    <skipped message="Ignored via @Ignore"/>
  </testcase>
  <testcase name="when update tutorial by mismatch id then BAD REQUEST" classname="com.tutopedia.backend.controllers.TutorialControllerSpec" time="0.0">
    <skipped message="Ignored via @Ignore"/>
  </testcase>
  <testcase name="when update tutorial by not existing id then NOT FOUND" classname="com.tutopedia.backend.controllers.TutorialControllerSpec" time="0.0">
    <skipped message="Ignored via @Ignore"/>
  </testcase>
  <testcase name="when update tutorial by id and with file then OK" classname="com.tutopedia.backend.controllers.TutorialControllerSpec" time="0.0">
    <skipped message="Ignored via @Ignore"/>
  </testcase>
  <testcase name="when update tutorial by id and with file then NOT FOUND" classname="com.tutopedia.backend.controllers.TutorialControllerSpec" time="0.0">
    <skipped message="Ignored via @Ignore"/>
  </testcase>
  <testcase name="when publish all tutorials then OK" classname="com.tutopedia.backend.controllers.TutorialControllerSpec" time="0.0">
    <skipped message="Ignored via @Ignore"/>
  </testcase>
  <testcase name="when publish tutorial by id then OK" classname="com.tutopedia.backend.controllers.TutorialControllerSpec" time="0.0">
    <skipped message="Ignored via @Ignore"/>
  </testcase>
  <testcase name="when publish tutorial by id then NOT FOUND" classname="com.tutopedia.backend.controllers.TutorialControllerSpec" time="0.0">
    <skipped message="Ignored via @Ignore"/>
  </testcase>
  <testcase name="when publish tutorials by ids then OK" classname="com.tutopedia.backend.controllers.TutorialControllerSpec" time="0.0">
    <skipped message="Ignored via @Ignore"/>
  </testcase>
  <testcase name="when publish tutorials by ids then NOT FOUND" classname="com.tutopedia.backend.controllers.TutorialControllerSpec" time="0.0">
    <skipped message="Ignored via @Ignore"/>
  </testcase>
  <testcase name="when delete all tutorials then OK" classname="com.tutopedia.backend.controllers.TutorialControllerSpec" time="0.0">
    <skipped message="Ignored via @Ignore"/>
  </testcase>
  <testcase name="when delete tutorial by id then OK" classname="com.tutopedia.backend.controllers.TutorialControllerSpec" time="0.0">
    <skipped message="Ignored via @Ignore"/>
  </testcase>
  <testcase name="when delete tutorial by id then NOT FOUND" classname="com.tutopedia.backend.controllers.TutorialControllerSpec" time="0.0">
    <skipped message="Ignored via @Ignore"/>
  </testcase>
  <testcase name="when delete tutorials by ids then OK" classname="com.tutopedia.backend.controllers.TutorialControllerSpec" time="0.0">
    <skipped message="Ignored via @Ignore"/>
  </testcase>
  <testcase name="when delete tutorials by ids then NOT FOUND" classname="com.tutopedia.backend.controllers.TutorialControllerSpec" time="0.0">
    <skipped message="Ignored via @Ignore"/>
  </testcase>
  <testcase name="when create bucket then OK" classname="com.tutopedia.backend.controllers.TutorialControllerSpec" time="0.0">
    <skipped message="Ignored via @Ignore"/>
  </testcase>
  <testcase name="when find all bucket then OK" classname="com.tutopedia.backend.controllers.TutorialControllerSpec" time="0.0">
    <skipped message="Ignored via @Ignore"/>
  </testcase>
  <testcase name="when find bucket by id then OK" classname="com.tutopedia.backend.controllers.TutorialControllerSpec" time="0.0">
    <skipped message="Ignored via @Ignore"/>
  </testcase>
  <testcase name="when find bucket by id not in DB then NOT FOUND" classname="com.tutopedia.backend.controllers.TutorialControllerSpec" time="0.0">
    <skipped message="Ignored via @Ignore"/>
  </testcase>
  <testcase name="when find default bucket then OK" classname="com.tutopedia.backend.controllers.TutorialControllerSpec" time="0.0">
    <skipped message="Ignored via @Ignore"/>
  </testcase>
  <testcase name="when delete all buckets then OK" classname="com.tutopedia.backend.controllers.TutorialControllerSpec" time="0.0">
    <skipped message="Ignored via @Ignore"/>
  </testcase>
  <testcase name="when delete bucket with id then OK" classname="com.tutopedia.backend.controllers.TutorialControllerSpec" time="0.0">
    <skipped message="Ignored via @Ignore"/>
  </testcase>
  <testcase name="when delete bucket with id not in DB then NOT_FOUND" classname="com.tutopedia.backend.controllers.TutorialControllerSpec" time="0.0">
    <skipped message="Ignored via @Ignore"/>
  </testcase>
</testsuite>