<?xml version="1.0" encoding="UTF-8"?>
<testsuite xmlns:xsi="http://www.w3.org/2001/XMLSchema-instance" xsi:noNamespaceSchemaLocation="https://maven.apache.org/surefire/maven-surefire-plugin/xsd/surefire-test-report-3.0.xsd" version="3.0" name="com.tutopedia.backend.controllers.BucketControllerSpec" time="4.048" tests="11" errors="1" skipped="10" failures="0">
  <properties>
[...]
</properties>
  <testcase name="when find all buckets then OK" classname="com.tutopedia.backend.controllers.BucketControllerSpec" time="0.0">
    <skipped message="Ignored via @Ignore"/>
    <system-out><![CDATA[14:20:50.841 [main] INFO org.springframework.test.context.support.AnnotationConfigContextLoaderUtils -- Could not detect default configuration classes for test class [com.tutopedia.backend.BackendApplicationSpec]: BackendApplicationSpec does not declare any static, non-private, non-final, nested classes annotated with @Configuration.
14:20:50.943 [main] INFO org.springframework.boot.test.context.SpringBootTestContextBootstrapper -- Found @SpringBootConfiguration com.tutopedia.backend.BackendApplication for test class com.tutopedia.backend.BackendApplicationSpec
]]></system-out>
  </testcase>
  <testcase name="create 1 bucket, when find all buckets then should retrieve that one" classname="com.tutopedia.backend.controllers.BucketControllerSpec" time="0.0">
    <skipped message="Ignored via @Ignore"/>
  </testcase>
  <testcase name="delete all buckets, when find all buckets then should retrieve none" classname="com.tutopedia.backend.controllers.BucketControllerSpec" time="0.0">
    <skipped message="Ignored via @Ignore"/>
  </testcase>
  <testcase name="when find default bucket then OK" classname="com.tutopedia.backend.controllers.BucketControllerSpec" time="0.0">
    <skipped message="Ignored via @Ignore"/>
  </testcase>
  <testcase name="when find default bucket then should be selected" classname="com.tutopedia.backend.controllers.BucketControllerSpec" time="0.0">
    <skipped message="Ignored via @Ignore"/>
  </testcase>
  <testcase name="when find default bucket then should none present when not created" classname="com.tutopedia.backend.controllers.BucketControllerSpec" time="0.0">
    <skipped message="Ignored via @Ignore"/>
  </testcase>
  <testcase name="when create bucket then CREATED" classname="com.tutopedia.backend.controllers.BucketControllerSpec" time="0.0">
    <skipped message="Ignored via @Ignore"/>
  </testcase>
  <testcase name="when delete bucket by id then bucket removed" classname="com.tutopedia.backend.controllers.BucketControllerSpec" time="0.0">
    <skipped message="Ignored via @Ignore"/>
  </testcase>
  <testcase name="when update default bucket then SC_OK" classname="com.tutopedia.backend.controllers.BucketControllerSpec" time="0.0">
    <skipped message="Ignored via @Ignore"/>
  </testcase>
  <testcase name="when update default bucket then SC_NOT_FOUND" classname="com.tutopedia.backend.controllers.BucketControllerSpec" time="0.0">
    <skipped message="Ignored via @Ignore"/>
  </testcase>
  <testcase name="when update default bucket then old default bucket is not default, new bucket is default" classname="com.tutopedia.backend.controllers.BucketControllerSpec" time="4.019">
    <error message="Failed to load ApplicationContext for [WebMergedContextConfiguration@2bc0603f testClass = com.tutopedia.backend.controllers.BucketControllerSpec, locations = [], classes = [com.tutopedia.backend.BackendApplication], contextInitializerClasses = [], activeProfiles = [], propertySourceDescriptors = [PropertySourceDescriptor[locations=[classpath:application-test.properties], ignoreResourceNotFound=false, name=null, propertySourceFactory=null, encoding=null]], propertySourceProperties = [&quot;org.springframework.boot.test.context.SpringBootTestContextBootstrapper=true&quot;], contextCustomizers = [org.springframework.boot.test.context.filter.ExcludeFilterContextCustomizer@31ea9581, org.springframework.boot.test.json.DuplicateJsonObjectContextCustomizerFactory$DuplicateJsonObjectContextCustomizer@221a3fa4, org.springframework.boot.test.mock.mockito.MockitoContextCustomizer@0, org.springframework.boot.test.web.client.TestRestTemplateContextCustomizer@305ffe9e, org.springframework.boot.test.web.reactor.netty.DisableReactorResourceFactoryGlobalResourcesContextCustomizerFactory$DisableReactorResourceFactoryGlobalResourcesContextCustomizerCustomizer@c430e6c, org.springframework.boot.test.autoconfigure.actuate.observability.ObservabilityContextCustomizerFactory$DisableObservabilityContextCustomizer@1f, org.springframework.boot.test.autoconfigure.properties.PropertyMappingContextCustomizer@0, org.springframework.boot.test.autoconfigure.web.servlet.WebDriverContextCustomizer@48e1f6c7, org.spockframework.spring.mock.SpockContextCustomizer@0, org.springframework.boot.test.context.SpringBootTestAnnotation@492bcb82], resourceBasePath = &quot;src/main/webapp&quot;, contextLoader = org.springframework.boot.test.context.SpringBootContextLoader, parent = null]" type="java.lang.IllegalStateException"><![CDATA[java.lang.IllegalStateException: Failed to load ApplicationContext for [WebMergedContextConfiguration@2bc0603f testClass = com.tutopedia.backend.controllers.BucketControllerSpec, locations = [], classes = [com.tutopedia.backend.BackendApplication], contextInitializerClasses = [], activeProfiles = [], propertySourceDescriptors = [PropertySourceDescriptor[locations=[classpath:application-test.properties], ignoreResourceNotFound=false, name=null, propertySourceFactory=null, encoding=null]], propertySourceProperties = ["org.springframework.boot.test.context.SpringBootTestContextBootstrapper=true"], contextCustomizers = [org.springframework.boot.test.context.filter.ExcludeFilterContextCustomizer@31ea9581, org.springframework.boot.test.json.DuplicateJsonObjectContextCustomizerFactory$DuplicateJsonObjectContextCustomizer@221a3fa4, org.springframework.boot.test.mock.mockito.MockitoContextCustomizer@0, org.springframework.boot.test.web.client.TestRestTemplateContextCustomizer@305ffe9e, org.springframework.boot.test.web.reactor.netty.DisableReactorResourceFactoryGlobalResourcesContextCustomizerFactory$DisableReactorResourceFactoryGlobalResourcesContextCustomizerCustomizer@c430e6c, org.springframework.boot.test.autoconfigure.actuate.observability.ObservabilityContextCustomizerFactory$DisableObservabilityContextCustomizer@1f, org.springframework.boot.test.autoconfigure.properties.PropertyMappingContextCustomizer@0, org.springframework.boot.test.autoconfigure.web.servlet.WebDriverContextCustomizer@48e1f6c7, org.spockframework.spring.mock.SpockContextCustomizer@0, org.springframework.boot.test.context.SpringBootTestAnnotation@492bcb82], resourceBasePath = "src/main/webapp", contextLoader = org.springframework.boot.test.context.SpringBootContextLoader, parent = null]
	at org.springframework.test.context.cache.DefaultCacheAwareContextLoaderDelegate.loadContext(DefaultCacheAwareContextLoaderDelegate.java:180)
	at org.springframework.test.context.support.DefaultTestContext.getApplicationContext(DefaultTestContext.java:130)
	at org.spockframework.util.ReflectionUtil.invokeMethod(ReflectionUtil.java:204)
	at org.spockframework.spring.SpringTestContext.getApplicationContext(SpringTestContext.java:49)
	at org.spockframework.spring.SpringMockTestExecutionListener.injectSpies(SpringMockTestExecutionListener.java:66)
	at org.spockframework.spring.SpringMockTestExecutionListener.prepareTestInstance(SpringMockTestExecutionListener.java:62)
	at org.spockframework.spring.AbstractSpringTestExecutionListener.prepareTestInstance(AbstractSpringTestExecutionListener.java:32)
	at org.springframework.test.context.TestContextManager.prepareTestInstance(TestContextManager.java:260)
	at org.spockframework.spring.SpringTestContextManager.prepareTestInstance(SpringTestContextManager.java:56)
	at org.spockframework.spring.SpringInterceptor.interceptInitializerMethod(SpringInterceptor.java:46)
	at org.spockframework.runtime.extension.AbstractMethodInterceptor.intercept(AbstractMethodInterceptor.java:24)
	at org.spockframework.runtime.extension.MethodInvocation.proceed(MethodInvocation.java:122)
	at org.spockframework.runtime.model.MethodInfo.invoke(MethodInfo.java:157)
	at java.base/java.util.ArrayList.forEach(ArrayList.java:1511)
	at org.spockframework.runtime.model.MethodInfo.invoke(MethodInfo.java:157)
	at java.base/java.util.ArrayList.forEach(ArrayList.java:1511)
Caused by: org.springframework.beans.factory.BeanCreationException: Error creating bean with name 'entityManagerFactory' defined in class path resource [org/springframework/boot/autoconfigure/orm/jpa/HibernateJpaConfiguration.class]: Failed to initialize dependency 'liquibase' of LoadTimeWeaverAware bean 'entityManagerFactory': Error creating bean with name 'liquibase' defined in class path resource [org/springframework/boot/autoconfigure/liquibase/LiquibaseAutoConfiguration$LiquibaseConfiguration.class]: liquibase.exception.CommandExecutionException: liquibase.exception.LiquibaseException: liquibase.exception.MigrationFailedException: Migration failed for changeset db/changelog-test/db.changelog-test-1.sql::raw::includeAll:
     Reason: liquibase.exception.DatabaseException: ERROR: relation "tutorial" already exists [Failed SQL: (0) CREATE TABLE tutorial (id BIGINT, title VARCHAR(255), description VARCHAR(255), published BOOLEAN, filename VARCHAR(255), PRIMARY KEY (id))]
	at org.springframework.beans.factory.support.AbstractBeanFactory.doGetBean(AbstractBeanFactory.java:326)
	at org.springframework.beans.factory.support.AbstractBeanFactory.getBean(AbstractBeanFactory.java:205)
	at org.springframework.context.support.AbstractApplicationContext.finishBeanFactoryInitialization(AbstractApplicationContext.java:954)
	at org.springframework.context.support.AbstractApplicationContext.refresh(AbstractApplicationContext.java:625)
	at org.springframework.boot.web.servlet.context.ServletWebServerApplicationContext.refresh(ServletWebServerApplicationContext.java:146)
	at org.springframework.boot.SpringApplication.refresh(SpringApplication.java:754)
	at org.springframework.boot.SpringApplication.refreshContext(SpringApplication.java:456)
	at org.springframework.boot.SpringApplication.run(SpringApplication.java:335)
	at org.springframework.boot.test.context.SpringBootContextLoader.lambda$loadContext$3(SpringBootContextLoader.java:137)
	at org.springframework.util.function.ThrowingSupplier.get(ThrowingSupplier.java:58)
	at org.springframework.util.function.ThrowingSupplier.get(ThrowingSupplier.java:46)
	at org.springframework.boot.SpringApplication.withHook(SpringApplication.java:1463)
	at org.springframework.boot.test.context.SpringBootContextLoader$ContextLoaderHook.run(SpringBootContextLoader.java:553)
	at org.springframework.boot.test.context.SpringBootContextLoader.loadContext(SpringBootContextLoader.java:137)
	at org.springframework.boot.test.context.SpringBootContextLoader.loadContext(SpringBootContextLoader.java:108)
	at org.springframework.test.context.cache.DefaultCacheAwareContextLoaderDelegate.loadContextInternal(DefaultCacheAwareContextLoaderDelegate.java:225)
	at org.springframework.test.context.cache.DefaultCacheAwareContextLoaderDelegate.loadContext(DefaultCacheAwareContextLoaderDelegate.java:152)
	... 15 more
Caused by: org.springframework.beans.factory.BeanCreationException: Error creating bean with name 'liquibase' defined in class path resource [org/springframework/boot/autoconfigure/liquibase/LiquibaseAutoConfiguration$LiquibaseConfiguration.class]: liquibase.exception.CommandExecutionException: liquibase.exception.LiquibaseException: liquibase.exception.MigrationFailedException: Migration failed for changeset db/changelog-test/db.changelog-test-1.sql::raw::includeAll:
     Reason: liquibase.exception.DatabaseException: ERROR: relation "tutorial" already exists [Failed SQL: (0) CREATE TABLE tutorial (id BIGINT, title VARCHAR(255), description VARCHAR(255), published BOOLEAN, filename VARCHAR(255), PRIMARY KEY (id))]
	at org.springframework.beans.factory.support.AbstractAutowireCapableBeanFactory.initializeBean(AbstractAutowireCapableBeanFactory.java:1806)
	at org.springframework.beans.factory.support.AbstractAutowireCapableBeanFactory.doCreateBean(AbstractAutowireCapableBeanFactory.java:600)
	at org.springframework.beans.factory.support.AbstractAutowireCapableBeanFactory.createBean(AbstractAutowireCapableBeanFactory.java:522)
	at org.springframework.beans.factory.support.AbstractBeanFactory.lambda$doGetBean$0(AbstractBeanFactory.java:337)
	at org.springframework.beans.factory.support.DefaultSingletonBeanRegistry.getSingleton(DefaultSingletonBeanRegistry.java:234)
	at org.springframework.beans.factory.support.AbstractBeanFactory.doGetBean(AbstractBeanFactory.java:335)
	at org.springframework.beans.factory.support.AbstractBeanFactory.getBean(AbstractBeanFactory.java:200)
	at org.springframework.beans.factory.support.AbstractBeanFactory.doGetBean(AbstractBeanFactory.java:313)
	... 31 more
Caused by: liquibase.exception.UnexpectedLiquibaseException: liquibase.exception.CommandExecutionException: liquibase.exception.LiquibaseException: liquibase.exception.MigrationFailedException: Migration failed for changeset db/changelog-test/db.changelog-test-1.sql::raw::includeAll:
     Reason: liquibase.exception.DatabaseException: ERROR: relation "tutorial" already exists [Failed SQL: (0) CREATE TABLE tutorial (id BIGINT, title VARCHAR(255), description VARCHAR(255), published BOOLEAN, filename VARCHAR(255), PRIMARY KEY (id))]
	at liquibase.integration.spring.SpringLiquibase.afterPropertiesSet(SpringLiquibase.java:259)
	at org.springframework.beans.factory.support.AbstractAutowireCapableBeanFactory.invokeInitMethods(AbstractAutowireCapableBeanFactory.java:1853)
	at org.springframework.beans.factory.support.AbstractAutowireCapableBeanFactory.initializeBean(AbstractAutowireCapableBeanFactory.java:1802)
	... 38 more
Caused by: liquibase.exception.CommandExecutionException: liquibase.exception.LiquibaseException: liquibase.exception.MigrationFailedException: Migration failed for changeset db/changelog-test/db.changelog-test-1.sql::raw::includeAll:
     Reason: liquibase.exception.DatabaseException: ERROR: relation "tutorial" already exists [Failed SQL: (0) CREATE TABLE tutorial (id BIGINT, title VARCHAR(255), description VARCHAR(255), published BOOLEAN, filename VARCHAR(255), PRIMARY KEY (id))]
	at liquibase.command.CommandScope.execute(CommandScope.java:257)
	at liquibase.Liquibase.lambda$update$0(Liquibase.java:245)
	at liquibase.Scope.lambda$child$0(Scope.java:190)
	at liquibase.Scope.child(Scope.java:199)
	at liquibase.Scope.child(Scope.java:189)
	at liquibase.Scope.child(Scope.java:168)
	at liquibase.Liquibase.runInScope(Liquibase.java:1436)
	at liquibase.Liquibase.update(Liquibase.java:234)
	at liquibase.Liquibase.update(Liquibase.java:212)
	at liquibase.integration.spring.SpringLiquibase.performUpdate(SpringLiquibase.java:297)
	at liquibase.integration.spring.SpringLiquibase.lambda$afterPropertiesSet$0(SpringLiquibase.java:249)
	at liquibase.Scope.lambda$child$0(Scope.java:190)
	at liquibase.Scope.child(Scope.java:199)
	at liquibase.Scope.child(Scope.java:189)
	at liquibase.Scope.child(Scope.java:168)
	at liquibase.Scope.child(Scope.java:256)
	at liquibase.integration.spring.SpringLiquibase.afterPropertiesSet(SpringLiquibase.java:242)
	... 40 more
Caused by: liquibase.exception.LiquibaseException: liquibase.exception.MigrationFailedException: Migration failed for changeset db/changelog-test/db.changelog-test-1.sql::raw::includeAll:
     Reason: liquibase.exception.DatabaseException: ERROR: relation "tutorial" already exists [Failed SQL: (0) CREATE TABLE tutorial (id BIGINT, title VARCHAR(255), description VARCHAR(255), published BOOLEAN, filename VARCHAR(255), PRIMARY KEY (id))]
	at liquibase.changelog.ChangeLogIterator.run(ChangeLogIterator.java:151)
	at liquibase.command.core.AbstractUpdateCommandStep.lambda$run$0(AbstractUpdateCommandStep.java:112)
	at liquibase.Scope.lambda$child$0(Scope.java:190)
	at liquibase.Scope.child(Scope.java:199)
	at liquibase.Scope.child(Scope.java:189)
	at liquibase.Scope.child(Scope.java:168)
	at liquibase.command.core.AbstractUpdateCommandStep.run(AbstractUpdateCommandStep.java:110)
	at liquibase.command.core.UpdateCommandStep.run(UpdateCommandStep.java:105)
	at liquibase.command.CommandScope.execute(CommandScope.java:219)
	... 56 more
Caused by: liquibase.exception.MigrationFailedException: Migration failed for changeset db/changelog-test/db.changelog-test-1.sql::raw::includeAll:
     Reason: liquibase.exception.DatabaseException: ERROR: relation "tutorial" already exists [Failed SQL: (0) CREATE TABLE tutorial (id BIGINT, title VARCHAR(255), description VARCHAR(255), published BOOLEAN, filename VARCHAR(255), PRIMARY KEY (id))]
	at liquibase.changelog.ChangeSet.execute(ChangeSet.java:808)
	at liquibase.changelog.visitor.UpdateVisitor.executeAcceptedChange(UpdateVisitor.java:119)
	at liquibase.changelog.visitor.UpdateVisitor.visit(UpdateVisitor.java:68)
	at liquibase.changelog.ChangeLogIterator$2.lambda$run$0(ChangeLogIterator.java:133)
	at liquibase.Scope.lambda$child$0(Scope.java:190)
	at liquibase.Scope.child(Scope.java:199)
	at liquibase.Scope.child(Scope.java:189)
	at liquibase.Scope.child(Scope.java:168)
	at liquibase.changelog.ChangeLogIterator$2.run(ChangeLogIterator.java:122)
	at liquibase.Scope.lambda$child$0(Scope.java:190)
	at liquibase.Scope.child(Scope.java:199)
	at liquibase.Scope.child(Scope.java:189)
	at liquibase.Scope.child(Scope.java:168)
	at liquibase.Scope.child(Scope.java:256)
	at liquibase.Scope.child(Scope.java:260)
	at liquibase.changelog.ChangeLogIterator.run(ChangeLogIterator.java:89)
	... 64 more
Caused by: liquibase.exception.DatabaseException: ERROR: relation "tutorial" already exists [Failed SQL: (0) CREATE TABLE tutorial (id BIGINT, title VARCHAR(255), description VARCHAR(255), published BOOLEAN, filename VARCHAR(255), PRIMARY KEY (id))]
	at liquibase.executor.jvm.JdbcExecutor$ExecuteStatementCallback.doInStatement(JdbcExecutor.java:473)
	at liquibase.executor.jvm.JdbcExecutor.execute(JdbcExecutor.java:80)
	at liquibase.executor.jvm.JdbcExecutor.execute(JdbcExecutor.java:182)
	at liquibase.executor.AbstractExecutor.execute(AbstractExecutor.java:141)
	at liquibase.database.AbstractJdbcDatabase.executeStatements(AbstractJdbcDatabase.java:1176)
	at liquibase.changelog.ChangeSet.execute(ChangeSet.java:764)
	... 79 more
Caused by: org.postgresql.util.PSQLException: ERROR: relation "tutorial" already exists
	at org.postgresql.core.v3.QueryExecutorImpl.receiveErrorResponse(QueryExecutorImpl.java:2725)
	at org.postgresql.core.v3.QueryExecutorImpl.processResults(QueryExecutorImpl.java:2412)
	at org.postgresql.core.v3.QueryExecutorImpl.execute(QueryExecutorImpl.java:371)
	at org.postgresql.jdbc.PgStatement.executeInternal(PgStatement.java:502)
	at org.postgresql.jdbc.PgStatement.execute(PgStatement.java:419)
	at org.postgresql.jdbc.PgStatement.executeWithFlags(PgStatement.java:341)
	at org.postgresql.jdbc.PgStatement.executeCachedSql(PgStatement.java:326)
	at org.postgresql.jdbc.PgStatement.executeWithFlags(PgStatement.java:302)
	at org.postgresql.jdbc.PgStatement.execute(PgStatement.java:297)
	at com.zaxxer.hikari.pool.ProxyStatement.execute(ProxyStatement.java:94)
	at liquibase.executor.jvm.JdbcExecutor$ExecuteStatementCallback.doInStatement(JdbcExecutor.java:467)
	... 84 more
]]></error>
    <system-out><![CDATA[14:20:51.447 [main] INFO org.springframework.boot.devtools.restart.RestartApplicationListener -- Restart disabled due to context in which it is running
 ___                  ___                                                               ___                 
(   )                (   )                                                             (   )  .-.           
 | |_      ___  ___   | |_                   .--.                  .-..     .--.     .-.| |  ( __)   .---.  
(   __)   (   )(   ) (   __)                /    \                /    \   /    \   /   \ |  (''")  / .-, \ 
 | |       | |  | |   | |        .------.  |  .-. ;   .------.   ' .-,  ; |  .-. ; |  .-. |   | |  (__) ; | 
 | | ___   | |  | |   | | ___   (________) | |  | |  (________)  | |  . | |  | | | | |  | |   | |    .'`  | 
 | |(   )  | |  | |   | |(   )             | |  | |              | |  | | |  |/  | | |  | |   | |   / .'| | 
 | | | |   | |  | |   | | | |              | |  | |              | |  | | |  ' _.' | |  | |   | |  | /  | | 
 | ' | |   | |  ; '   | ' | |              | '  | |              | |  ' | |  .'.-. | '  | |   | |  ; |  ; | 
 ' `-' ;   ' `-'  /   ' `-' ;              '  `-' /              | `-'  ' '  `-' / ' `-'  /   | |  ' `-'  | 
  `.__.     '.__.'     `.__.                `.__.'               | \__.'   `.__.'   `.__,'   (___) `.__.'_. 
                                                                 | |                                        
                                                                (___)                                       
2024-11-12T14:20:51.691+01:00  INFO 42462 --- [Tut-O-Pedia Backend] [           main] c.t.b.controllers.BucketControllerSpec   : Starting BucketControllerSpec using Java 20 with PID 42462 (started by rudiwelter in /Users/rudiwelter/Workdir/Tut-O-Pedia/Backend)
2024-11-12T14:20:51.694+01:00  INFO 42462 --- [Tut-O-Pedia Backend] [           main] c.t.b.controllers.BucketControllerSpec   : No active profile set, falling back to 1 default profile: "default"
2024-11-12T14:20:53.161+01:00  INFO 42462 --- [Tut-O-Pedia Backend] [           main] .s.d.r.c.RepositoryConfigurationDelegate : Bootstrapping Spring Data JPA repositories in DEFAULT mode.
2024-11-12T14:20:53.216+01:00  INFO 42462 --- [Tut-O-Pedia Backend] [           main] .s.d.r.c.RepositoryConfigurationDelegate : Finished Spring Data repository scanning in 48 ms. Found 4 JPA repository interfaces.
2024-11-12T14:20:53.994+01:00  INFO 42462 --- [Tut-O-Pedia Backend] [           main] o.s.b.w.embedded.tomcat.TomcatWebServer  : Tomcat initialized with port 8081 (http)
2024-11-12T14:20:54.008+01:00  INFO 42462 --- [Tut-O-Pedia Backend] [           main] o.apache.catalina.core.StandardService   : Starting service [Tomcat]
2024-11-12T14:20:54.008+01:00  INFO 42462 --- [Tut-O-Pedia Backend] [           main] o.apache.catalina.core.StandardEngine    : Starting Servlet engine: [Apache Tomcat/10.1.28]
2024-11-12T14:20:54.062+01:00  INFO 42462 --- [Tut-O-Pedia Backend] [           main] o.a.c.c.C.[Tomcat].[localhost].[/]       : Initializing Spring embedded WebApplicationContext
2024-11-12T14:20:54.064+01:00  INFO 42462 --- [Tut-O-Pedia Backend] [           main] w.s.c.ServletWebServerApplicationContext : Root WebApplicationContext: initialization completed in 2344 ms
2024-11-12T14:20:54.185+01:00  INFO 42462 --- [Tut-O-Pedia Backend] [           main] com.zaxxer.hikari.HikariDataSource       : HikariPool-1 - Starting...
2024-11-12T14:20:54.317+01:00  INFO 42462 --- [Tut-O-Pedia Backend] [           main] com.zaxxer.hikari.pool.HikariPool        : HikariPool-1 - Added connection org.postgresql.jdbc.PgConnection@1dd443c1
2024-11-12T14:20:54.319+01:00  INFO 42462 --- [Tut-O-Pedia Backend] [           main] com.zaxxer.hikari.HikariDataSource       : HikariPool-1 - Start completed.
2024-11-12T14:20:54.329+01:00  INFO 42462 --- [Tut-O-Pedia Backend] [           main] o.s.b.a.h2.H2ConsoleAutoConfiguration    : H2 console available at '/h2-console'. Database available at 'jdbc:postgresql://localhost:5432/tutopedia_db'
2024-11-12T14:20:54.929+01:00  INFO 42462 --- [Tut-O-Pedia Backend] [           main] liquibase.changelog                      : Reading resource: db/changelog-test/db.changelog-test-1.sql
2024-11-12T14:20:54.935+01:00  INFO 42462 --- [Tut-O-Pedia Backend] [           main] liquibase.changelog                      : Reading resource: db/changelog-test/db.changelog-test-2.sql
2024-11-12T14:20:54.936+01:00  INFO 42462 --- [Tut-O-Pedia Backend] [           main] liquibase.changelog                      : Reading resource: db/changelog-test/db.changelog-test-3.sql
2024-11-12T14:20:54.938+01:00  INFO 42462 --- [Tut-O-Pedia Backend] [           main] liquibase.changelog                      : Reading resource: db/changelog-test/db.changelog-test-4.sql
2024-11-12T14:20:54.939+01:00  INFO 42462 --- [Tut-O-Pedia Backend] [           main] liquibase.changelog                      : Reading resource: db/changelog-test/db.changelog-test-5.sql
2024-11-12T14:20:54.940+01:00  INFO 42462 --- [Tut-O-Pedia Backend] [           main] liquibase.changelog                      : Reading resource: db/changelog-test/db.changelog-test-6.sql
2024-11-12T14:20:54.941+01:00  INFO 42462 --- [Tut-O-Pedia Backend] [           main] liquibase.changelog                      : Reading resource: db/changelog-test/db.changelog-test-7.sql
2024-11-12T14:20:54.942+01:00  INFO 42462 --- [Tut-O-Pedia Backend] [           main] liquibase.changelog                      : Reading resource: db/changelog-test/db.changelog-test-8.sql
2024-11-12T14:20:54.943+01:00  INFO 42462 --- [Tut-O-Pedia Backend] [           main] liquibase.changelog                      : Reading resource: db/changelog-test/db.changelog-test-9.sql
2024-11-12T14:20:55.082+01:00  INFO 42462 --- [Tut-O-Pedia Backend] [           main] liquibase.changelog                      : Reading from public.databasechangelog
2024-11-12T14:20:55.152+01:00  INFO 42462 --- [Tut-O-Pedia Backend] [           main] liquibase.lockservice                    : Successfully acquired change log lock
2024-11-12T14:20:55.156+01:00  INFO 42462 --- [Tut-O-Pedia Backend] [           main] liquibase.command                        : Using deploymentId: 1417655156
2024-11-12T14:20:55.159+01:00  INFO 42462 --- [Tut-O-Pedia Backend] [           main] liquibase.changelog                      : Reading from public.databasechangelog
2024-11-12T14:20:55.288+01:00  INFO 42462 --- [Tut-O-Pedia Backend] [           main] liquibase.ui                             : Running Changeset: db/changelog-test/db.changelog-test-1.sql::raw::includeAll
2024-11-12T14:20:55.308+01:00 ERROR 42462 --- [Tut-O-Pedia Backend] [           main] liquibase.changelog                      : ChangeSet db/changelog-test/db.changelog-test-1.sql::raw::includeAll encountered an exception.

liquibase.exception.DatabaseException: ERROR: relation "tutorial" already exists [Failed SQL: (0) CREATE TABLE tutorial (id BIGINT, title VARCHAR(255), description VARCHAR(255), published BOOLEAN, filename VARCHAR(255), PRIMARY KEY (id))]
	at liquibase.executor.jvm.JdbcExecutor$ExecuteStatementCallback.doInStatement(JdbcExecutor.java:473) ~[liquibase-core-4.27.0.jar:na]
	at liquibase.executor.jvm.JdbcExecutor.execute(JdbcExecutor.java:80) ~[liquibase-core-4.27.0.jar:na]
	at liquibase.executor.jvm.JdbcExecutor.execute(JdbcExecutor.java:182) ~[liquibase-core-4.27.0.jar:na]
	at liquibase.executor.AbstractExecutor.execute(AbstractExecutor.java:141) ~[liquibase-core-4.27.0.jar:na]
	at liquibase.database.AbstractJdbcDatabase.executeStatements(AbstractJdbcDatabase.java:1176) ~[liquibase-core-4.27.0.jar:na]
	at liquibase.changelog.ChangeSet.execute(ChangeSet.java:764) ~[liquibase-core-4.27.0.jar:na]
	at liquibase.changelog.visitor.UpdateVisitor.executeAcceptedChange(UpdateVisitor.java:119) ~[liquibase-core-4.27.0.jar:na]
	at liquibase.changelog.visitor.UpdateVisitor.visit(UpdateVisitor.java:68) ~[liquibase-core-4.27.0.jar:na]
	at liquibase.changelog.ChangeLogIterator$2.lambda$run$0(ChangeLogIterator.java:133) ~[liquibase-core-4.27.0.jar:na]
	at liquibase.Scope.lambda$child$0(Scope.java:190) ~[liquibase-core-4.27.0.jar:na]
	at liquibase.Scope.child(Scope.java:199) ~[liquibase-core-4.27.0.jar:na]
	at liquibase.Scope.child(Scope.java:189) ~[liquibase-core-4.27.0.jar:na]
	at liquibase.Scope.child(Scope.java:168) ~[liquibase-core-4.27.0.jar:na]
	at liquibase.changelog.ChangeLogIterator$2.run(ChangeLogIterator.java:122) ~[liquibase-core-4.27.0.jar:na]
	at liquibase.Scope.lambda$child$0(Scope.java:190) ~[liquibase-core-4.27.0.jar:na]
	at liquibase.Scope.child(Scope.java:199) ~[liquibase-core-4.27.0.jar:na]
	at liquibase.Scope.child(Scope.java:189) ~[liquibase-core-4.27.0.jar:na]
	at liquibase.Scope.child(Scope.java:168) ~[liquibase-core-4.27.0.jar:na]
	at liquibase.Scope.child(Scope.java:256) ~[liquibase-core-4.27.0.jar:na]
	at liquibase.Scope.child(Scope.java:260) ~[liquibase-core-4.27.0.jar:na]
	at liquibase.changelog.ChangeLogIterator.run(ChangeLogIterator.java:89) ~[liquibase-core-4.27.0.jar:na]
	at liquibase.command.core.AbstractUpdateCommandStep.lambda$run$0(AbstractUpdateCommandStep.java:112) ~[liquibase-core-4.27.0.jar:na]
	at liquibase.Scope.lambda$child$0(Scope.java:190) ~[liquibase-core-4.27.0.jar:na]
	at liquibase.Scope.child(Scope.java:199) ~[liquibase-core-4.27.0.jar:na]
	at liquibase.Scope.child(Scope.java:189) ~[liquibase-core-4.27.0.jar:na]
	at liquibase.Scope.child(Scope.java:168) ~[liquibase-core-4.27.0.jar:na]
	at liquibase.command.core.AbstractUpdateCommandStep.run(AbstractUpdateCommandStep.java:110) ~[liquibase-core-4.27.0.jar:na]
	at liquibase.command.core.UpdateCommandStep.run(UpdateCommandStep.java:105) ~[liquibase-core-4.27.0.jar:na]
	at liquibase.command.CommandScope.execute(CommandScope.java:219) ~[liquibase-core-4.27.0.jar:na]
	at liquibase.Liquibase.lambda$update$0(Liquibase.java:245) ~[liquibase-core-4.27.0.jar:na]
	at liquibase.Scope.lambda$child$0(Scope.java:190) ~[liquibase-core-4.27.0.jar:na]
	at liquibase.Scope.child(Scope.java:199) ~[liquibase-core-4.27.0.jar:na]
	at liquibase.Scope.child(Scope.java:189) ~[liquibase-core-4.27.0.jar:na]
	at liquibase.Scope.child(Scope.java:168) ~[liquibase-core-4.27.0.jar:na]
	at liquibase.Liquibase.runInScope(Liquibase.java:1436) ~[liquibase-core-4.27.0.jar:na]
	at liquibase.Liquibase.update(Liquibase.java:234) ~[liquibase-core-4.27.0.jar:na]
	at liquibase.Liquibase.update(Liquibase.java:212) ~[liquibase-core-4.27.0.jar:na]
	at liquibase.integration.spring.SpringLiquibase.performUpdate(SpringLiquibase.java:297) ~[liquibase-core-4.27.0.jar:na]
	at liquibase.integration.spring.SpringLiquibase.lambda$afterPropertiesSet$0(SpringLiquibase.java:249) ~[liquibase-core-4.27.0.jar:na]
	at liquibase.Scope.lambda$child$0(Scope.java:190) ~[liquibase-core-4.27.0.jar:na]
	at liquibase.Scope.child(Scope.java:199) ~[liquibase-core-4.27.0.jar:na]
	at liquibase.Scope.child(Scope.java:189) ~[liquibase-core-4.27.0.jar:na]
	at liquibase.Scope.child(Scope.java:168) ~[liquibase-core-4.27.0.jar:na]
	at liquibase.Scope.child(Scope.java:256) ~[liquibase-core-4.27.0.jar:na]
	at liquibase.integration.spring.SpringLiquibase.afterPropertiesSet(SpringLiquibase.java:242) ~[liquibase-core-4.27.0.jar:na]
	at org.springframework.beans.factory.support.AbstractAutowireCapableBeanFactory.invokeInitMethods(AbstractAutowireCapableBeanFactory.java:1853) ~[spring-beans-6.1.12.jar:6.1.12]
	at org.springframework.beans.factory.support.AbstractAutowireCapableBeanFactory.initializeBean(AbstractAutowireCapableBeanFactory.java:1802) ~[spring-beans-6.1.12.jar:6.1.12]
	at org.springframework.beans.factory.support.AbstractAutowireCapableBeanFactory.doCreateBean(AbstractAutowireCapableBeanFactory.java:600) ~[spring-beans-6.1.12.jar:6.1.12]
	at org.springframework.beans.factory.support.AbstractAutowireCapableBeanFactory.createBean(AbstractAutowireCapableBeanFactory.java:522) ~[spring-beans-6.1.12.jar:6.1.12]
	at org.springframework.beans.factory.support.AbstractBeanFactory.lambda$doGetBean$0(AbstractBeanFactory.java:337) ~[spring-beans-6.1.12.jar:6.1.12]
	at org.springframework.beans.factory.support.DefaultSingletonBeanRegistry.getSingleton(DefaultSingletonBeanRegistry.java:234) ~[spring-beans-6.1.12.jar:6.1.12]
	at org.springframework.beans.factory.support.AbstractBeanFactory.doGetBean(AbstractBeanFactory.java:335) ~[spring-beans-6.1.12.jar:6.1.12]
	at org.springframework.beans.factory.support.AbstractBeanFactory.getBean(AbstractBeanFactory.java:200) ~[spring-beans-6.1.12.jar:6.1.12]
	at org.springframework.beans.factory.support.AbstractBeanFactory.doGetBean(AbstractBeanFactory.java:313) ~[spring-beans-6.1.12.jar:6.1.12]
	at org.springframework.beans.factory.support.AbstractBeanFactory.getBean(AbstractBeanFactory.java:205) ~[spring-beans-6.1.12.jar:6.1.12]
	at org.springframework.context.support.AbstractApplicationContext.finishBeanFactoryInitialization(AbstractApplicationContext.java:954) ~[spring-context-6.1.12.jar:6.1.12]
	at org.springframework.context.support.AbstractApplicationContext.refresh(AbstractApplicationContext.java:625) ~[spring-context-6.1.12.jar:6.1.12]
	at org.springframework.boot.web.servlet.context.ServletWebServerApplicationContext.refresh(ServletWebServerApplicationContext.java:146) ~[spring-boot-3.3.3.jar:3.3.3]
	at org.springframework.boot.SpringApplication.refresh(SpringApplication.java:754) ~[spring-boot-3.3.3.jar:3.3.3]
	at org.springframework.boot.SpringApplication.refreshContext(SpringApplication.java:456) ~[spring-boot-3.3.3.jar:3.3.3]
	at org.springframework.boot.SpringApplication.run(SpringApplication.java:335) ~[spring-boot-3.3.3.jar:3.3.3]
	at org.springframework.boot.test.context.SpringBootContextLoader.lambda$loadContext$3(SpringBootContextLoader.java:137) ~[spring-boot-test-3.3.3.jar:3.3.3]
	at org.springframework.util.function.ThrowingSupplier.get(ThrowingSupplier.java:58) ~[spring-core-6.1.12.jar:6.1.12]
	at org.springframework.util.function.ThrowingSupplier.get(ThrowingSupplier.java:46) ~[spring-core-6.1.12.jar:6.1.12]
	at org.springframework.boot.SpringApplication.withHook(SpringApplication.java:1463) ~[spring-boot-3.3.3.jar:3.3.3]
	at org.springframework.boot.test.context.SpringBootContextLoader$ContextLoaderHook.run(SpringBootContextLoader.java:553) ~[spring-boot-test-3.3.3.jar:3.3.3]
	at org.springframework.boot.test.context.SpringBootContextLoader.loadContext(SpringBootContextLoader.java:137) ~[spring-boot-test-3.3.3.jar:3.3.3]
	at org.springframework.boot.test.context.SpringBootContextLoader.loadContext(SpringBootContextLoader.java:108) ~[spring-boot-test-3.3.3.jar:3.3.3]
	at org.springframework.test.context.cache.DefaultCacheAwareContextLoaderDelegate.loadContextInternal(DefaultCacheAwareContextLoaderDelegate.java:225) ~[spring-test-6.1.12.jar:6.1.12]
	at org.springframework.test.context.cache.DefaultCacheAwareContextLoaderDelegate.loadContext(DefaultCacheAwareContextLoaderDelegate.java:152) ~[spring-test-6.1.12.jar:6.1.12]
	at org.springframework.test.context.support.DefaultTestContext.getApplicationContext(DefaultTestContext.java:130) ~[spring-test-6.1.12.jar:6.1.12]
	at java.base/jdk.internal.reflect.DirectMethodHandleAccessor.invoke(DirectMethodHandleAccessor.java:104) ~[na:na]
	at java.base/java.lang.reflect.Method.invoke(Method.java:578) ~[na:na]
	at org.spockframework.util.ReflectionUtil.invokeMethod(ReflectionUtil.java:204) ~[spock-core-2.4-M4-groovy-4.0.jar:2.4-M4]
	at org.spockframework.spring.SpringTestContext.getApplicationContext(SpringTestContext.java:49) ~[spock-spring-2.4-M4-groovy-4.0.jar:2.4-M4]
	at org.spockframework.spring.SpringMockTestExecutionListener.injectSpies(SpringMockTestExecutionListener.java:66) ~[spock-spring-2.4-M4-groovy-4.0.jar:2.4-M4]
	at org.spockframework.spring.SpringMockTestExecutionListener.prepareTestInstance(SpringMockTestExecutionListener.java:62) ~[spock-spring-2.4-M4-groovy-4.0.jar:2.4-M4]
	at org.spockframework.spring.AbstractSpringTestExecutionListener.prepareTestInstance(AbstractSpringTestExecutionListener.java:32) ~[spock-spring-2.4-M4-groovy-4.0.jar:2.4-M4]
	at org.springframework.test.context.TestContextManager.prepareTestInstance(TestContextManager.java:260) ~[spring-test-6.1.12.jar:6.1.12]
	at org.spockframework.spring.SpringTestContextManager.prepareTestInstance(SpringTestContextManager.java:56) ~[spock-spring-2.4-M4-groovy-4.0.jar:2.4-M4]
	at org.spockframework.spring.SpringInterceptor.interceptInitializerMethod(SpringInterceptor.java:46) ~[spock-spring-2.4-M4-groovy-4.0.jar:2.4-M4]
	at org.spockframework.runtime.extension.AbstractMethodInterceptor.intercept(AbstractMethodInterceptor.java:24) ~[spock-core-2.4-M4-groovy-4.0.jar:2.4-M4]
	at org.spockframework.runtime.extension.MethodInvocation.proceed(MethodInvocation.java:122) ~[spock-core-2.4-M4-groovy-4.0.jar:2.4-M4]
	at org.spockframework.runtime.PlatformSpecRunner.invoke(PlatformSpecRunner.java:430) ~[spock-core-2.4-M4-groovy-4.0.jar:2.4-M4]
	at org.spockframework.runtime.PlatformSpecRunner.runInitializer(PlatformSpecRunner.java:265) ~[spock-core-2.4-M4-groovy-4.0.jar:2.4-M4]
	at org.spockframework.runtime.PlatformSpecRunner.runInitializer(PlatformSpecRunner.java:260) ~[spock-core-2.4-M4-groovy-4.0.jar:2.4-M4]
	at org.spockframework.runtime.IterationNode.prepare(IterationNode.java:32) ~[spock-core-2.4-M4-groovy-4.0.jar:2.4-M4]
	at org.spockframework.runtime.IterationNode.prepare(IterationNode.java:13) ~[spock-core-2.4-M4-groovy-4.0.jar:2.4-M4]
	at org.junit.platform.engine.support.hierarchical.NodeTestTask.lambda$prepare$2(NodeTestTask.java:123) ~[junit-platform-engine-1.10.3.jar:1.10.3]
	at org.junit.platform.engine.support.hierarchical.ThrowableCollector.execute(ThrowableCollector.java:73) ~[junit-platform-engine-1.10.3.jar:1.10.3]
	at org.junit.platform.engine.support.hierarchical.NodeTestTask.prepare(NodeTestTask.java:123) ~[junit-platform-engine-1.10.3.jar:1.10.3]
	at org.junit.platform.engine.support.hierarchical.NodeTestTask.execute(NodeTestTask.java:90) ~[junit-platform-engine-1.10.3.jar:1.10.3]
	at org.junit.platform.engine.support.hierarchical.SameThreadHierarchicalTestExecutorService.submit(SameThreadHierarchicalTestExecutorService.java:35) ~[junit-platform-engine-1.10.3.jar:1.10.3]
	at org.junit.platform.engine.support.hierarchical.NodeTestTask$DefaultDynamicTestExecutor.execute(NodeTestTask.java:226) ~[junit-platform-engine-1.10.3.jar:1.10.3]
	at org.spockframework.runtime.SimpleFeatureNode.execute(SimpleFeatureNode.java:58) ~[spock-core-2.4-M4-groovy-4.0.jar:2.4-M4]
	at org.spockframework.runtime.SimpleFeatureNode.execute(SimpleFeatureNode.java:19) ~[spock-core-2.4-M4-groovy-4.0.jar:2.4-M4]
	at org.junit.platform.engine.support.hierarchical.NodeTestTask.lambda$executeRecursively$6(NodeTestTask.java:151) ~[junit-platform-engine-1.10.3.jar:1.10.3]
	at org.junit.platform.engine.support.hierarchical.ThrowableCollector.execute(ThrowableCollector.java:73) ~[junit-platform-engine-1.10.3.jar:1.10.3]
	at org.junit.platform.engine.support.hierarchical.NodeTestTask.lambda$executeRecursively$8(NodeTestTask.java:141) ~[junit-platform-engine-1.10.3.jar:1.10.3]
	at org.spockframework.runtime.SpockNode.sneakyInvoke(SpockNode.java:40) ~[spock-core-2.4-M4-groovy-4.0.jar:2.4-M4]
	at org.spockframework.runtime.FeatureNode.lambda$around$0(FeatureNode.java:73) ~[spock-core-2.4-M4-groovy-4.0.jar:2.4-M4]
	at org.spockframework.runtime.PlatformSpecRunner.lambda$createMethodInfoForDoRunFeature$4(PlatformSpecRunner.java:203) ~[spock-core-2.4-M4-groovy-4.0.jar:2.4-M4]
	at org.spockframework.runtime.model.MethodInfo.invoke(MethodInfo.java:157) ~[spock-core-2.4-M4-groovy-4.0.jar:2.4-M4]
	at org.spockframework.runtime.PlatformSpecRunner.invokeRaw(PlatformSpecRunner.java:439) ~[spock-core-2.4-M4-groovy-4.0.jar:2.4-M4]
	at org.spockframework.runtime.PlatformSpecRunner.invoke(PlatformSpecRunner.java:422) ~[spock-core-2.4-M4-groovy-4.0.jar:2.4-M4]
	at org.spockframework.runtime.PlatformSpecRunner.runFeature(PlatformSpecRunner.java:193) ~[spock-core-2.4-M4-groovy-4.0.jar:2.4-M4]
	at org.spockframework.runtime.FeatureNode.around(FeatureNode.java:73) ~[spock-core-2.4-M4-groovy-4.0.jar:2.4-M4]
	at org.spockframework.runtime.FeatureNode.around(FeatureNode.java:30) ~[spock-core-2.4-M4-groovy-4.0.jar:2.4-M4]
	at org.junit.platform.engine.support.hierarchical.NodeTestTask.lambda$executeRecursively$9(NodeTestTask.java:139) ~[junit-platform-engine-1.10.3.jar:1.10.3]
	at org.junit.platform.engine.support.hierarchical.ThrowableCollector.execute(ThrowableCollector.java:73) ~[junit-platform-engine-1.10.3.jar:1.10.3]
	at org.junit.platform.engine.support.hierarchical.NodeTestTask.executeRecursively(NodeTestTask.java:138) ~[junit-platform-engine-1.10.3.jar:1.10.3]
	at org.junit.platform.engine.support.hierarchical.NodeTestTask.execute(NodeTestTask.java:95) ~[junit-platform-engine-1.10.3.jar:1.10.3]
	at java.base/java.util.ArrayList.forEach(ArrayList.java:1511) ~[na:na]
	at org.junit.platform.engine.support.hierarchical.SameThreadHierarchicalTestExecutorService.invokeAll(SameThreadHierarchicalTestExecutorService.java:41) ~[junit-platform-engine-1.10.3.jar:1.10.3]
	at org.junit.platform.engine.support.hierarchical.NodeTestTask.lambda$executeRecursively$6(NodeTestTask.java:155) ~[junit-platform-engine-1.10.3.jar:1.10.3]
	at org.junit.platform.engine.support.hierarchical.ThrowableCollector.execute(ThrowableCollector.java:73) ~[junit-platform-engine-1.10.3.jar:1.10.3]
	at org.junit.platform.engine.support.hierarchical.NodeTestTask.lambda$executeRecursively$8(NodeTestTask.java:141) ~[junit-platform-engine-1.10.3.jar:1.10.3]
	at org.spockframework.runtime.SpockNode.sneakyInvoke(SpockNode.java:40) ~[spock-core-2.4-M4-groovy-4.0.jar:2.4-M4]
	at org.spockframework.runtime.SpecNode.lambda$around$0(SpecNode.java:72) ~[spock-core-2.4-M4-groovy-4.0.jar:2.4-M4]
	at org.spockframework.runtime.PlatformSpecRunner.lambda$createMethodInfoForDoRunSpec$0(PlatformSpecRunner.java:66) ~[spock-core-2.4-M4-groovy-4.0.jar:2.4-M4]
	at org.spockframework.runtime.model.MethodInfo.invoke(MethodInfo.java:157) ~[spock-core-2.4-M4-groovy-4.0.jar:2.4-M4]
	at org.spockframework.runtime.PlatformSpecRunner.invokeRaw(PlatformSpecRunner.java:439) ~[spock-core-2.4-M4-groovy-4.0.jar:2.4-M4]
	at org.spockframework.runtime.PlatformSpecRunner.invoke(PlatformSpecRunner.java:422) ~[spock-core-2.4-M4-groovy-4.0.jar:2.4-M4]
	at org.spockframework.runtime.PlatformSpecRunner.runSpec(PlatformSpecRunner.java:59) ~[spock-core-2.4-M4-groovy-4.0.jar:2.4-M4]
	at org.spockframework.runtime.SpecNode.around(SpecNode.java:72) ~[spock-core-2.4-M4-groovy-4.0.jar:2.4-M4]
	at org.spockframework.runtime.SpecNode.around(SpecNode.java:12) ~[spock-core-2.4-M4-groovy-4.0.jar:2.4-M4]
	at org.junit.platform.engine.support.hierarchical.NodeTestTask.lambda$executeRecursively$9(NodeTestTask.java:139) ~[junit-platform-engine-1.10.3.jar:1.10.3]
	at org.junit.platform.engine.support.hierarchical.ThrowableCollector.execute(ThrowableCollector.java:73) ~[junit-platform-engine-1.10.3.jar:1.10.3]
	at org.junit.platform.engine.support.hierarchical.NodeTestTask.executeRecursively(NodeTestTask.java:138) ~[junit-platform-engine-1.10.3.jar:1.10.3]
	at org.junit.platform.engine.support.hierarchical.NodeTestTask.execute(NodeTestTask.java:95) ~[junit-platform-engine-1.10.3.jar:1.10.3]
	at java.base/java.util.ArrayList.forEach(ArrayList.java:1511) ~[na:na]
	at org.junit.platform.engine.support.hierarchical.SameThreadHierarchicalTestExecutorService.invokeAll(SameThreadHierarchicalTestExecutorService.java:41) ~[junit-platform-engine-1.10.3.jar:1.10.3]
	at org.junit.platform.engine.support.hierarchical.NodeTestTask.lambda$executeRecursively$6(NodeTestTask.java:155) ~[junit-platform-engine-1.10.3.jar:1.10.3]
	at org.junit.platform.engine.support.hierarchical.ThrowableCollector.execute(ThrowableCollector.java:73) ~[junit-platform-engine-1.10.3.jar:1.10.3]
	at org.junit.platform.engine.support.hierarchical.NodeTestTask.lambda$executeRecursively$8(NodeTestTask.java:141) ~[junit-platform-engine-1.10.3.jar:1.10.3]
	at org.junit.platform.engine.support.hierarchical.Node.around(Node.java:137) ~[junit-platform-engine-1.10.3.jar:1.10.3]
	at org.junit.platform.engine.support.hierarchical.NodeTestTask.lambda$executeRecursively$9(NodeTestTask.java:139) ~[junit-platform-engine-1.10.3.jar:1.10.3]
	at org.junit.platform.engine.support.hierarchical.ThrowableCollector.execute(ThrowableCollector.java:73) ~[junit-platform-engine-1.10.3.jar:1.10.3]
	at org.junit.platform.engine.support.hierarchical.NodeTestTask.executeRecursively(NodeTestTask.java:138) ~[junit-platform-engine-1.10.3.jar:1.10.3]
	at org.junit.platform.engine.support.hierarchical.NodeTestTask.execute(NodeTestTask.java:95) ~[junit-platform-engine-1.10.3.jar:1.10.3]
	at org.junit.platform.engine.support.hierarchical.SameThreadHierarchicalTestExecutorService.submit(SameThreadHierarchicalTestExecutorService.java:35) ~[junit-platform-engine-1.10.3.jar:1.10.3]
	at org.junit.platform.engine.support.hierarchical.HierarchicalTestExecutor.execute(HierarchicalTestExecutor.java:57) ~[junit-platform-engine-1.10.3.jar:1.10.3]
	at org.junit.platform.engine.support.hierarchical.HierarchicalTestEngine.execute(HierarchicalTestEngine.java:54) ~[junit-platform-engine-1.10.3.jar:1.10.3]
	at org.junit.platform.launcher.core.EngineExecutionOrchestrator.execute(EngineExecutionOrchestrator.java:198) ~[junit-platform-launcher-1.10.3.jar:1.10.3]
	at org.junit.platform.launcher.core.EngineExecutionOrchestrator.execute(EngineExecutionOrchestrator.java:169) ~[junit-platform-launcher-1.10.3.jar:1.10.3]
	at org.junit.platform.launcher.core.EngineExecutionOrchestrator.execute(EngineExecutionOrchestrator.java:93) ~[junit-platform-launcher-1.10.3.jar:1.10.3]
	at org.junit.platform.launcher.core.EngineExecutionOrchestrator.lambda$execute$0(EngineExecutionOrchestrator.java:58) ~[junit-platform-launcher-1.10.3.jar:1.10.3]
	at org.junit.platform.launcher.core.EngineExecutionOrchestrator.withInterceptedStreams(EngineExecutionOrchestrator.java:141) ~[junit-platform-launcher-1.10.3.jar:1.10.3]
	at org.junit.platform.launcher.core.EngineExecutionOrchestrator.execute(EngineExecutionOrchestrator.java:57) ~[junit-platform-launcher-1.10.3.jar:1.10.3]
	at org.junit.platform.launcher.core.DefaultLauncher.execute(DefaultLauncher.java:103) ~[junit-platform-launcher-1.10.3.jar:1.10.3]
	at org.junit.platform.launcher.core.DefaultLauncher.execute(DefaultLauncher.java:85) ~[junit-platform-launcher-1.10.3.jar:1.10.3]
	at org.junit.platform.launcher.core.DelegatingLauncher.execute(DelegatingLauncher.java:47) ~[junit-platform-launcher-1.10.3.jar:1.10.3]
	at org.apache.maven.surefire.junitplatform.LazyLauncher.execute(LazyLauncher.java:56) ~[surefire-junit-platform-3.2.5.jar:3.2.5]
	at org.apache.maven.surefire.junitplatform.JUnitPlatformProvider.execute(JUnitPlatformProvider.java:184) ~[surefire-junit-platform-3.2.5.jar:3.2.5]
	at org.apache.maven.surefire.junitplatform.JUnitPlatformProvider.invokeAllTests(JUnitPlatformProvider.java:148) ~[surefire-junit-platform-3.2.5.jar:3.2.5]
	at org.apache.maven.surefire.junitplatform.JUnitPlatformProvider.invoke(JUnitPlatformProvider.java:122) ~[surefire-junit-platform-3.2.5.jar:3.2.5]
	at org.apache.maven.surefire.booter.ForkedBooter.runSuitesInProcess(ForkedBooter.java:385) ~[surefire-booter-3.2.5.jar:3.2.5]
	at org.apache.maven.surefire.booter.ForkedBooter.execute(ForkedBooter.java:162) ~[surefire-booter-3.2.5.jar:3.2.5]
	at org.apache.maven.surefire.booter.ForkedBooter.run(ForkedBooter.java:507) ~[surefire-booter-3.2.5.jar:3.2.5]
	at org.apache.maven.surefire.booter.ForkedBooter.main(ForkedBooter.java:495) ~[surefire-booter-3.2.5.jar:3.2.5]
Caused by: org.postgresql.util.PSQLException: ERROR: relation "tutorial" already exists
	at org.postgresql.core.v3.QueryExecutorImpl.receiveErrorResponse(QueryExecutorImpl.java:2725) ~[postgresql-42.7.3.jar:42.7.3]
	at org.postgresql.core.v3.QueryExecutorImpl.processResults(QueryExecutorImpl.java:2412) ~[postgresql-42.7.3.jar:42.7.3]
	at org.postgresql.core.v3.QueryExecutorImpl.execute(QueryExecutorImpl.java:371) ~[postgresql-42.7.3.jar:42.7.3]
	at org.postgresql.jdbc.PgStatement.executeInternal(PgStatement.java:502) ~[postgresql-42.7.3.jar:42.7.3]
	at org.postgresql.jdbc.PgStatement.execute(PgStatement.java:419) ~[postgresql-42.7.3.jar:42.7.3]
	at org.postgresql.jdbc.PgStatement.executeWithFlags(PgStatement.java:341) ~[postgresql-42.7.3.jar:42.7.3]
	at org.postgresql.jdbc.PgStatement.executeCachedSql(PgStatement.java:326) ~[postgresql-42.7.3.jar:42.7.3]
	at org.postgresql.jdbc.PgStatement.executeWithFlags(PgStatement.java:302) ~[postgresql-42.7.3.jar:42.7.3]
	at org.postgresql.jdbc.PgStatement.execute(PgStatement.java:297) ~[postgresql-42.7.3.jar:42.7.3]
	at com.zaxxer.hikari.pool.ProxyStatement.execute(ProxyStatement.java:94) ~[HikariCP-5.1.0.jar:na]
	at com.zaxxer.hikari.pool.HikariProxyStatement.execute(HikariProxyStatement.java) ~[HikariCP-5.1.0.jar:na]
	at liquibase.executor.jvm.JdbcExecutor$ExecuteStatementCallback.doInStatement(JdbcExecutor.java:467) ~[liquibase-core-4.27.0.jar:na]
	... 159 common frames omitted

2024-11-12T14:20:55.322+01:00  INFO 42462 --- [Tut-O-Pedia Backend] [           main] liquibase.util                           : UPDATE SUMMARY
2024-11-12T14:20:55.322+01:00  INFO 42462 --- [Tut-O-Pedia Backend] [           main] liquibase.util                           : Run:                          0
2024-11-12T14:20:55.322+01:00  INFO 42462 --- [Tut-O-Pedia Backend] [           main] liquibase.util                           : Previously run:               0
2024-11-12T14:20:55.322+01:00  INFO 42462 --- [Tut-O-Pedia Backend] [           main] liquibase.util                           : Filtered out:                 0
2024-11-12T14:20:55.323+01:00  INFO 42462 --- [Tut-O-Pedia Backend] [           main] liquibase.util                           : -------------------------------
2024-11-12T14:20:55.323+01:00  INFO 42462 --- [Tut-O-Pedia Backend] [           main] liquibase.util                           : Total change sets:            0
2024-11-12T14:20:55.323+01:00  INFO 42462 --- [Tut-O-Pedia Backend] [           main] liquibase.util                           : Update summary generated
2024-11-12T14:20:55.325+01:00  INFO 42462 --- [Tut-O-Pedia Backend] [           main] liquibase.command                        : Update command encountered an exception.
2024-11-12T14:20:55.333+01:00  INFO 42462 --- [Tut-O-Pedia Backend] [           main] liquibase.lockservice                    : Successfully released change log lock
2024-11-12T14:20:55.336+01:00  INFO 42462 --- [Tut-O-Pedia Backend] [           main] liquibase.command                        : Logging exception.
2024-11-12T14:20:55.337+01:00  INFO 42462 --- [Tut-O-Pedia Backend] [           main] liquibase.ui                             : ERROR: Exception Details
2024-11-12T14:20:55.337+01:00  INFO 42462 --- [Tut-O-Pedia Backend] [           main] liquibase.ui                             : ERROR: Exception Primary Class:  PSQLException
2024-11-12T14:20:55.337+01:00  INFO 42462 --- [Tut-O-Pedia Backend] [           main] liquibase.ui                             : ERROR: Exception Primary Reason:  ERROR: relation "tutorial" already exists
2024-11-12T14:20:55.337+01:00  INFO 42462 --- [Tut-O-Pedia Backend] [           main] liquibase.ui                             : ERROR: Exception Primary Source:  PostgreSQL 17.0 (Debian 17.0-1.pgdg120+1)
2024-11-12T14:20:55.337+01:00  INFO 42462 --- [Tut-O-Pedia Backend] [           main] liquibase.command                        : Command execution complete
2024-11-12T14:20:55.339+01:00  WARN 42462 --- [Tut-O-Pedia Backend] [           main] ConfigServletWebServerApplicationContext : Exception encountered during context initialization - cancelling refresh attempt: org.springframework.beans.factory.BeanCreationException: Error creating bean with name 'entityManagerFactory' defined in class path resource [org/springframework/boot/autoconfigure/orm/jpa/HibernateJpaConfiguration.class]: Failed to initialize dependency 'liquibase' of LoadTimeWeaverAware bean 'entityManagerFactory': Error creating bean with name 'liquibase' defined in class path resource [org/springframework/boot/autoconfigure/liquibase/LiquibaseAutoConfiguration$LiquibaseConfiguration.class]: liquibase.exception.CommandExecutionException: liquibase.exception.LiquibaseException: liquibase.exception.MigrationFailedException: Migration failed for changeset db/changelog-test/db.changelog-test-1.sql::raw::includeAll:
     Reason: liquibase.exception.DatabaseException: ERROR: relation "tutorial" already exists [Failed SQL: (0) CREATE TABLE tutorial (id BIGINT, title VARCHAR(255), description VARCHAR(255), published BOOLEAN, filename VARCHAR(255), PRIMARY KEY (id))]
2024-11-12T14:20:55.340+01:00  INFO 42462 --- [Tut-O-Pedia Backend] [           main] com.zaxxer.hikari.HikariDataSource       : HikariPool-1 - Shutdown initiated...
2024-11-12T14:20:55.346+01:00  INFO 42462 --- [Tut-O-Pedia Backend] [           main] com.zaxxer.hikari.HikariDataSource       : HikariPool-1 - Shutdown completed.
2024-11-12T14:20:55.350+01:00  INFO 42462 --- [Tut-O-Pedia Backend] [           main] o.apache.catalina.core.StandardService   : Stopping service [Tomcat]
2024-11-12T14:20:55.369+01:00  INFO 42462 --- [Tut-O-Pedia Backend] [           main] .s.b.a.l.ConditionEvaluationReportLogger : 

Error starting ApplicationContext. To display the condition evaluation report re-run your application with 'debug' enabled.
2024-11-12T14:20:55.386+01:00 ERROR 42462 --- [Tut-O-Pedia Backend] [           main] o.s.boot.SpringApplication               : Application run failed

org.springframework.beans.factory.BeanCreationException: Error creating bean with name 'entityManagerFactory' defined in class path resource [org/springframework/boot/autoconfigure/orm/jpa/HibernateJpaConfiguration.class]: Failed to initialize dependency 'liquibase' of LoadTimeWeaverAware bean 'entityManagerFactory': Error creating bean with name 'liquibase' defined in class path resource [org/springframework/boot/autoconfigure/liquibase/LiquibaseAutoConfiguration$LiquibaseConfiguration.class]: liquibase.exception.CommandExecutionException: liquibase.exception.LiquibaseException: liquibase.exception.MigrationFailedException: Migration failed for changeset db/changelog-test/db.changelog-test-1.sql::raw::includeAll:
     Reason: liquibase.exception.DatabaseException: ERROR: relation "tutorial" already exists [Failed SQL: (0) CREATE TABLE tutorial (id BIGINT, title VARCHAR(255), description VARCHAR(255), published BOOLEAN, filename VARCHAR(255), PRIMARY KEY (id))]
	at org.springframework.beans.factory.support.AbstractBeanFactory.doGetBean(AbstractBeanFactory.java:326) ~[spring-beans-6.1.12.jar:6.1.12]
	at org.springframework.beans.factory.support.AbstractBeanFactory.getBean(AbstractBeanFactory.java:205) ~[spring-beans-6.1.12.jar:6.1.12]
	at org.springframework.context.support.AbstractApplicationContext.finishBeanFactoryInitialization(AbstractApplicationContext.java:954) ~[spring-context-6.1.12.jar:6.1.12]
	at org.springframework.context.support.AbstractApplicationContext.refresh(AbstractApplicationContext.java:625) ~[spring-context-6.1.12.jar:6.1.12]
	at org.springframework.boot.web.servlet.context.ServletWebServerApplicationContext.refresh(ServletWebServerApplicationContext.java:146) ~[spring-boot-3.3.3.jar:3.3.3]
	at org.springframework.boot.SpringApplication.refresh(SpringApplication.java:754) ~[spring-boot-3.3.3.jar:3.3.3]
	at org.springframework.boot.SpringApplication.refreshContext(SpringApplication.java:456) ~[spring-boot-3.3.3.jar:3.3.3]
	at org.springframework.boot.SpringApplication.run(SpringApplication.java:335) ~[spring-boot-3.3.3.jar:3.3.3]
	at org.springframework.boot.test.context.SpringBootContextLoader.lambda$loadContext$3(SpringBootContextLoader.java:137) ~[spring-boot-test-3.3.3.jar:3.3.3]
	at org.springframework.util.function.ThrowingSupplier.get(ThrowingSupplier.java:58) ~[spring-core-6.1.12.jar:6.1.12]
	at org.springframework.util.function.ThrowingSupplier.get(ThrowingSupplier.java:46) ~[spring-core-6.1.12.jar:6.1.12]
	at org.springframework.boot.SpringApplication.withHook(SpringApplication.java:1463) ~[spring-boot-3.3.3.jar:3.3.3]
	at org.springframework.boot.test.context.SpringBootContextLoader$ContextLoaderHook.run(SpringBootContextLoader.java:553) ~[spring-boot-test-3.3.3.jar:3.3.3]
	at org.springframework.boot.test.context.SpringBootContextLoader.loadContext(SpringBootContextLoader.java:137) ~[spring-boot-test-3.3.3.jar:3.3.3]
	at org.springframework.boot.test.context.SpringBootContextLoader.loadContext(SpringBootContextLoader.java:108) ~[spring-boot-test-3.3.3.jar:3.3.3]
	at org.springframework.test.context.cache.DefaultCacheAwareContextLoaderDelegate.loadContextInternal(DefaultCacheAwareContextLoaderDelegate.java:225) ~[spring-test-6.1.12.jar:6.1.12]
	at org.springframework.test.context.cache.DefaultCacheAwareContextLoaderDelegate.loadContext(DefaultCacheAwareContextLoaderDelegate.java:152) ~[spring-test-6.1.12.jar:6.1.12]
	at org.springframework.test.context.support.DefaultTestContext.getApplicationContext(DefaultTestContext.java:130) ~[spring-test-6.1.12.jar:6.1.12]
	at java.base/jdk.internal.reflect.DirectMethodHandleAccessor.invoke(DirectMethodHandleAccessor.java:104) ~[na:na]
	at java.base/java.lang.reflect.Method.invoke(Method.java:578) ~[na:na]
	at org.spockframework.util.ReflectionUtil.invokeMethod(ReflectionUtil.java:204) ~[spock-core-2.4-M4-groovy-4.0.jar:2.4-M4]
	at org.spockframework.spring.SpringTestContext.getApplicationContext(SpringTestContext.java:49) ~[spock-spring-2.4-M4-groovy-4.0.jar:2.4-M4]
	at org.spockframework.spring.SpringMockTestExecutionListener.injectSpies(SpringMockTestExecutionListener.java:66) ~[spock-spring-2.4-M4-groovy-4.0.jar:2.4-M4]
	at org.spockframework.spring.SpringMockTestExecutionListener.prepareTestInstance(SpringMockTestExecutionListener.java:62) ~[spock-spring-2.4-M4-groovy-4.0.jar:2.4-M4]
	at org.spockframework.spring.AbstractSpringTestExecutionListener.prepareTestInstance(AbstractSpringTestExecutionListener.java:32) ~[spock-spring-2.4-M4-groovy-4.0.jar:2.4-M4]
	at org.springframework.test.context.TestContextManager.prepareTestInstance(TestContextManager.java:260) ~[spring-test-6.1.12.jar:6.1.12]
	at org.spockframework.spring.SpringTestContextManager.prepareTestInstance(SpringTestContextManager.java:56) ~[spock-spring-2.4-M4-groovy-4.0.jar:2.4-M4]
	at org.spockframework.spring.SpringInterceptor.interceptInitializerMethod(SpringInterceptor.java:46) ~[spock-spring-2.4-M4-groovy-4.0.jar:2.4-M4]
	at org.spockframework.runtime.extension.AbstractMethodInterceptor.intercept(AbstractMethodInterceptor.java:24) ~[spock-core-2.4-M4-groovy-4.0.jar:2.4-M4]
	at org.spockframework.runtime.extension.MethodInvocation.proceed(MethodInvocation.java:122) ~[spock-core-2.4-M4-groovy-4.0.jar:2.4-M4]
	at org.spockframework.runtime.PlatformSpecRunner.invoke(PlatformSpecRunner.java:430) ~[spock-core-2.4-M4-groovy-4.0.jar:2.4-M4]
	at org.spockframework.runtime.PlatformSpecRunner.runInitializer(PlatformSpecRunner.java:265) ~[spock-core-2.4-M4-groovy-4.0.jar:2.4-M4]
	at org.spockframework.runtime.PlatformSpecRunner.runInitializer(PlatformSpecRunner.java:260) ~[spock-core-2.4-M4-groovy-4.0.jar:2.4-M4]
	at org.spockframework.runtime.IterationNode.prepare(IterationNode.java:32) ~[spock-core-2.4-M4-groovy-4.0.jar:2.4-M4]
	at org.spockframework.runtime.IterationNode.prepare(IterationNode.java:13) ~[spock-core-2.4-M4-groovy-4.0.jar:2.4-M4]
	at org.junit.platform.engine.support.hierarchical.NodeTestTask.lambda$prepare$2(NodeTestTask.java:123) ~[junit-platform-engine-1.10.3.jar:1.10.3]
	at org.junit.platform.engine.support.hierarchical.ThrowableCollector.execute(ThrowableCollector.java:73) ~[junit-platform-engine-1.10.3.jar:1.10.3]
	at org.junit.platform.engine.support.hierarchical.NodeTestTask.prepare(NodeTestTask.java:123) ~[junit-platform-engine-1.10.3.jar:1.10.3]
	at org.junit.platform.engine.support.hierarchical.NodeTestTask.execute(NodeTestTask.java:90) ~[junit-platform-engine-1.10.3.jar:1.10.3]
	at org.junit.platform.engine.support.hierarchical.SameThreadHierarchicalTestExecutorService.submit(SameThreadHierarchicalTestExecutorService.java:35) ~[junit-platform-engine-1.10.3.jar:1.10.3]
	at org.junit.platform.engine.support.hierarchical.NodeTestTask$DefaultDynamicTestExecutor.execute(NodeTestTask.java:226) ~[junit-platform-engine-1.10.3.jar:1.10.3]
	at org.spockframework.runtime.SimpleFeatureNode.execute(SimpleFeatureNode.java:58) ~[spock-core-2.4-M4-groovy-4.0.jar:2.4-M4]
	at org.spockframework.runtime.SimpleFeatureNode.execute(SimpleFeatureNode.java:19) ~[spock-core-2.4-M4-groovy-4.0.jar:2.4-M4]
	at org.junit.platform.engine.support.hierarchical.NodeTestTask.lambda$executeRecursively$6(NodeTestTask.java:151) ~[junit-platform-engine-1.10.3.jar:1.10.3]
	at org.junit.platform.engine.support.hierarchical.ThrowableCollector.execute(ThrowableCollector.java:73) ~[junit-platform-engine-1.10.3.jar:1.10.3]
	at org.junit.platform.engine.support.hierarchical.NodeTestTask.lambda$executeRecursively$8(NodeTestTask.java:141) ~[junit-platform-engine-1.10.3.jar:1.10.3]
	at org.spockframework.runtime.SpockNode.sneakyInvoke(SpockNode.java:40) ~[spock-core-2.4-M4-groovy-4.0.jar:2.4-M4]
	at org.spockframework.runtime.FeatureNode.lambda$around$0(FeatureNode.java:73) ~[spock-core-2.4-M4-groovy-4.0.jar:2.4-M4]
	at org.spockframework.runtime.PlatformSpecRunner.lambda$createMethodInfoForDoRunFeature$4(PlatformSpecRunner.java:203) ~[spock-core-2.4-M4-groovy-4.0.jar:2.4-M4]
	at org.spockframework.runtime.model.MethodInfo.invoke(MethodInfo.java:157) ~[spock-core-2.4-M4-groovy-4.0.jar:2.4-M4]
	at org.spockframework.runtime.PlatformSpecRunner.invokeRaw(PlatformSpecRunner.java:439) ~[spock-core-2.4-M4-groovy-4.0.jar:2.4-M4]
	at org.spockframework.runtime.PlatformSpecRunner.invoke(PlatformSpecRunner.java:422) ~[spock-core-2.4-M4-groovy-4.0.jar:2.4-M4]
	at org.spockframework.runtime.PlatformSpecRunner.runFeature(PlatformSpecRunner.java:193) ~[spock-core-2.4-M4-groovy-4.0.jar:2.4-M4]
	at org.spockframework.runtime.FeatureNode.around(FeatureNode.java:73) ~[spock-core-2.4-M4-groovy-4.0.jar:2.4-M4]
	at org.spockframework.runtime.FeatureNode.around(FeatureNode.java:30) ~[spock-core-2.4-M4-groovy-4.0.jar:2.4-M4]
	at org.junit.platform.engine.support.hierarchical.NodeTestTask.lambda$executeRecursively$9(NodeTestTask.java:139) ~[junit-platform-engine-1.10.3.jar:1.10.3]
	at org.junit.platform.engine.support.hierarchical.ThrowableCollector.execute(ThrowableCollector.java:73) ~[junit-platform-engine-1.10.3.jar:1.10.3]
	at org.junit.platform.engine.support.hierarchical.NodeTestTask.executeRecursively(NodeTestTask.java:138) ~[junit-platform-engine-1.10.3.jar:1.10.3]
	at org.junit.platform.engine.support.hierarchical.NodeTestTask.execute(NodeTestTask.java:95) ~[junit-platform-engine-1.10.3.jar:1.10.3]
	at java.base/java.util.ArrayList.forEach(ArrayList.java:1511) ~[na:na]
	at org.junit.platform.engine.support.hierarchical.SameThreadHierarchicalTestExecutorService.invokeAll(SameThreadHierarchicalTestExecutorService.java:41) ~[junit-platform-engine-1.10.3.jar:1.10.3]
	at org.junit.platform.engine.support.hierarchical.NodeTestTask.lambda$executeRecursively$6(NodeTestTask.java:155) ~[junit-platform-engine-1.10.3.jar:1.10.3]
	at org.junit.platform.engine.support.hierarchical.ThrowableCollector.execute(ThrowableCollector.java:73) ~[junit-platform-engine-1.10.3.jar:1.10.3]
	at org.junit.platform.engine.support.hierarchical.NodeTestTask.lambda$executeRecursively$8(NodeTestTask.java:141) ~[junit-platform-engine-1.10.3.jar:1.10.3]
	at org.spockframework.runtime.SpockNode.sneakyInvoke(SpockNode.java:40) ~[spock-core-2.4-M4-groovy-4.0.jar:2.4-M4]
	at org.spockframework.runtime.SpecNode.lambda$around$0(SpecNode.java:72) ~[spock-core-2.4-M4-groovy-4.0.jar:2.4-M4]
	at org.spockframework.runtime.PlatformSpecRunner.lambda$createMethodInfoForDoRunSpec$0(PlatformSpecRunner.java:66) ~[spock-core-2.4-M4-groovy-4.0.jar:2.4-M4]
	at org.spockframework.runtime.model.MethodInfo.invoke(MethodInfo.java:157) ~[spock-core-2.4-M4-groovy-4.0.jar:2.4-M4]
	at org.spockframework.runtime.PlatformSpecRunner.invokeRaw(PlatformSpecRunner.java:439) ~[spock-core-2.4-M4-groovy-4.0.jar:2.4-M4]
	at org.spockframework.runtime.PlatformSpecRunner.invoke(PlatformSpecRunner.java:422) ~[spock-core-2.4-M4-groovy-4.0.jar:2.4-M4]
	at org.spockframework.runtime.PlatformSpecRunner.runSpec(PlatformSpecRunner.java:59) ~[spock-core-2.4-M4-groovy-4.0.jar:2.4-M4]
	at org.spockframework.runtime.SpecNode.around(SpecNode.java:72) ~[spock-core-2.4-M4-groovy-4.0.jar:2.4-M4]
	at org.spockframework.runtime.SpecNode.around(SpecNode.java:12) ~[spock-core-2.4-M4-groovy-4.0.jar:2.4-M4]
	at org.junit.platform.engine.support.hierarchical.NodeTestTask.lambda$executeRecursively$9(NodeTestTask.java:139) ~[junit-platform-engine-1.10.3.jar:1.10.3]
	at org.junit.platform.engine.support.hierarchical.ThrowableCollector.execute(ThrowableCollector.java:73) ~[junit-platform-engine-1.10.3.jar:1.10.3]
	at org.junit.platform.engine.support.hierarchical.NodeTestTask.executeRecursively(NodeTestTask.java:138) ~[junit-platform-engine-1.10.3.jar:1.10.3]
	at org.junit.platform.engine.support.hierarchical.NodeTestTask.execute(NodeTestTask.java:95) ~[junit-platform-engine-1.10.3.jar:1.10.3]
	at java.base/java.util.ArrayList.forEach(ArrayList.java:1511) ~[na:na]
	at org.junit.platform.engine.support.hierarchical.SameThreadHierarchicalTestExecutorService.invokeAll(SameThreadHierarchicalTestExecutorService.java:41) ~[junit-platform-engine-1.10.3.jar:1.10.3]
	at org.junit.platform.engine.support.hierarchical.NodeTestTask.lambda$executeRecursively$6(NodeTestTask.java:155) ~[junit-platform-engine-1.10.3.jar:1.10.3]
	at org.junit.platform.engine.support.hierarchical.ThrowableCollector.execute(ThrowableCollector.java:73) ~[junit-platform-engine-1.10.3.jar:1.10.3]
	at org.junit.platform.engine.support.hierarchical.NodeTestTask.lambda$executeRecursively$8(NodeTestTask.java:141) ~[junit-platform-engine-1.10.3.jar:1.10.3]
	at org.junit.platform.engine.support.hierarchical.Node.around(Node.java:137) ~[junit-platform-engine-1.10.3.jar:1.10.3]
	at org.junit.platform.engine.support.hierarchical.NodeTestTask.lambda$executeRecursively$9(NodeTestTask.java:139) ~[junit-platform-engine-1.10.3.jar:1.10.3]
	at org.junit.platform.engine.support.hierarchical.ThrowableCollector.execute(ThrowableCollector.java:73) ~[junit-platform-engine-1.10.3.jar:1.10.3]
	at org.junit.platform.engine.support.hierarchical.NodeTestTask.executeRecursively(NodeTestTask.java:138) ~[junit-platform-engine-1.10.3.jar:1.10.3]
	at org.junit.platform.engine.support.hierarchical.NodeTestTask.execute(NodeTestTask.java:95) ~[junit-platform-engine-1.10.3.jar:1.10.3]
	at org.junit.platform.engine.support.hierarchical.SameThreadHierarchicalTestExecutorService.submit(SameThreadHierarchicalTestExecutorService.java:35) ~[junit-platform-engine-1.10.3.jar:1.10.3]
	at org.junit.platform.engine.support.hierarchical.HierarchicalTestExecutor.execute(HierarchicalTestExecutor.java:57) ~[junit-platform-engine-1.10.3.jar:1.10.3]
	at org.junit.platform.engine.support.hierarchical.HierarchicalTestEngine.execute(HierarchicalTestEngine.java:54) ~[junit-platform-engine-1.10.3.jar:1.10.3]
	at org.junit.platform.launcher.core.EngineExecutionOrchestrator.execute(EngineExecutionOrchestrator.java:198) ~[junit-platform-launcher-1.10.3.jar:1.10.3]
	at org.junit.platform.launcher.core.EngineExecutionOrchestrator.execute(EngineExecutionOrchestrator.java:169) ~[junit-platform-launcher-1.10.3.jar:1.10.3]
	at org.junit.platform.launcher.core.EngineExecutionOrchestrator.execute(EngineExecutionOrchestrator.java:93) ~[junit-platform-launcher-1.10.3.jar:1.10.3]
	at org.junit.platform.launcher.core.EngineExecutionOrchestrator.lambda$execute$0(EngineExecutionOrchestrator.java:58) ~[junit-platform-launcher-1.10.3.jar:1.10.3]
	at org.junit.platform.launcher.core.EngineExecutionOrchestrator.withInterceptedStreams(EngineExecutionOrchestrator.java:141) ~[junit-platform-launcher-1.10.3.jar:1.10.3]
	at org.junit.platform.launcher.core.EngineExecutionOrchestrator.execute(EngineExecutionOrchestrator.java:57) ~[junit-platform-launcher-1.10.3.jar:1.10.3]
	at org.junit.platform.launcher.core.DefaultLauncher.execute(DefaultLauncher.java:103) ~[junit-platform-launcher-1.10.3.jar:1.10.3]
	at org.junit.platform.launcher.core.DefaultLauncher.execute(DefaultLauncher.java:85) ~[junit-platform-launcher-1.10.3.jar:1.10.3]
	at org.junit.platform.launcher.core.DelegatingLauncher.execute(DelegatingLauncher.java:47) ~[junit-platform-launcher-1.10.3.jar:1.10.3]
	at org.apache.maven.surefire.junitplatform.LazyLauncher.execute(LazyLauncher.java:56) ~[surefire-junit-platform-3.2.5.jar:3.2.5]
	at org.apache.maven.surefire.junitplatform.JUnitPlatformProvider.execute(JUnitPlatformProvider.java:184) ~[surefire-junit-platform-3.2.5.jar:3.2.5]
	at org.apache.maven.surefire.junitplatform.JUnitPlatformProvider.invokeAllTests(JUnitPlatformProvider.java:148) ~[surefire-junit-platform-3.2.5.jar:3.2.5]
	at org.apache.maven.surefire.junitplatform.JUnitPlatformProvider.invoke(JUnitPlatformProvider.java:122) ~[surefire-junit-platform-3.2.5.jar:3.2.5]
	at org.apache.maven.surefire.booter.ForkedBooter.runSuitesInProcess(ForkedBooter.java:385) ~[surefire-booter-3.2.5.jar:3.2.5]
	at org.apache.maven.surefire.booter.ForkedBooter.execute(ForkedBooter.java:162) ~[surefire-booter-3.2.5.jar:3.2.5]
	at org.apache.maven.surefire.booter.ForkedBooter.run(ForkedBooter.java:507) ~[surefire-booter-3.2.5.jar:3.2.5]
	at org.apache.maven.surefire.booter.ForkedBooter.main(ForkedBooter.java:495) ~[surefire-booter-3.2.5.jar:3.2.5]
Caused by: org.springframework.beans.factory.BeanCreationException: Error creating bean with name 'liquibase' defined in class path resource [org/springframework/boot/autoconfigure/liquibase/LiquibaseAutoConfiguration$LiquibaseConfiguration.class]: liquibase.exception.CommandExecutionException: liquibase.exception.LiquibaseException: liquibase.exception.MigrationFailedException: Migration failed for changeset db/changelog-test/db.changelog-test-1.sql::raw::includeAll:
     Reason: liquibase.exception.DatabaseException: ERROR: relation "tutorial" already exists [Failed SQL: (0) CREATE TABLE tutorial (id BIGINT, title VARCHAR(255), description VARCHAR(255), published BOOLEAN, filename VARCHAR(255), PRIMARY KEY (id))]
	at org.springframework.beans.factory.support.AbstractAutowireCapableBeanFactory.initializeBean(AbstractAutowireCapableBeanFactory.java:1806) ~[spring-beans-6.1.12.jar:6.1.12]
	at org.springframework.beans.factory.support.AbstractAutowireCapableBeanFactory.doCreateBean(AbstractAutowireCapableBeanFactory.java:600) ~[spring-beans-6.1.12.jar:6.1.12]
	at org.springframework.beans.factory.support.AbstractAutowireCapableBeanFactory.createBean(AbstractAutowireCapableBeanFactory.java:522) ~[spring-beans-6.1.12.jar:6.1.12]
	at org.springframework.beans.factory.support.AbstractBeanFactory.lambda$doGetBean$0(AbstractBeanFactory.java:337) ~[spring-beans-6.1.12.jar:6.1.12]
	at org.springframework.beans.factory.support.DefaultSingletonBeanRegistry.getSingleton(DefaultSingletonBeanRegistry.java:234) ~[spring-beans-6.1.12.jar:6.1.12]
	at org.springframework.beans.factory.support.AbstractBeanFactory.doGetBean(AbstractBeanFactory.java:335) ~[spring-beans-6.1.12.jar:6.1.12]
	at org.springframework.beans.factory.support.AbstractBeanFactory.getBean(AbstractBeanFactory.java:200) ~[spring-beans-6.1.12.jar:6.1.12]
	at org.springframework.beans.factory.support.AbstractBeanFactory.doGetBean(AbstractBeanFactory.java:313) ~[spring-beans-6.1.12.jar:6.1.12]
	... 106 common frames omitted
Caused by: liquibase.exception.UnexpectedLiquibaseException: liquibase.exception.CommandExecutionException: liquibase.exception.LiquibaseException: liquibase.exception.MigrationFailedException: Migration failed for changeset db/changelog-test/db.changelog-test-1.sql::raw::includeAll:
     Reason: liquibase.exception.DatabaseException: ERROR: relation "tutorial" already exists [Failed SQL: (0) CREATE TABLE tutorial (id BIGINT, title VARCHAR(255), description VARCHAR(255), published BOOLEAN, filename VARCHAR(255), PRIMARY KEY (id))]
	at liquibase.integration.spring.SpringLiquibase.afterPropertiesSet(SpringLiquibase.java:259) ~[liquibase-core-4.27.0.jar:na]
	at org.springframework.beans.factory.support.AbstractAutowireCapableBeanFactory.invokeInitMethods(AbstractAutowireCapableBeanFactory.java:1853) ~[spring-beans-6.1.12.jar:6.1.12]
	at org.springframework.beans.factory.support.AbstractAutowireCapableBeanFactory.initializeBean(AbstractAutowireCapableBeanFactory.java:1802) ~[spring-beans-6.1.12.jar:6.1.12]
	... 113 common frames omitted
Caused by: liquibase.exception.CommandExecutionException: liquibase.exception.LiquibaseException: liquibase.exception.MigrationFailedException: Migration failed for changeset db/changelog-test/db.changelog-test-1.sql::raw::includeAll:
     Reason: liquibase.exception.DatabaseException: ERROR: relation "tutorial" already exists [Failed SQL: (0) CREATE TABLE tutorial (id BIGINT, title VARCHAR(255), description VARCHAR(255), published BOOLEAN, filename VARCHAR(255), PRIMARY KEY (id))]
	at liquibase.command.CommandScope.execute(CommandScope.java:257) ~[liquibase-core-4.27.0.jar:na]
	at liquibase.Liquibase.lambda$update$0(Liquibase.java:245) ~[liquibase-core-4.27.0.jar:na]
	at liquibase.Scope.lambda$child$0(Scope.java:190) ~[liquibase-core-4.27.0.jar:na]
	at liquibase.Scope.child(Scope.java:199) ~[liquibase-core-4.27.0.jar:na]
	at liquibase.Scope.child(Scope.java:189) ~[liquibase-core-4.27.0.jar:na]
	at liquibase.Scope.child(Scope.java:168) ~[liquibase-core-4.27.0.jar:na]
	at liquibase.Liquibase.runInScope(Liquibase.java:1436) ~[liquibase-core-4.27.0.jar:na]
	at liquibase.Liquibase.update(Liquibase.java:234) ~[liquibase-core-4.27.0.jar:na]
	at liquibase.Liquibase.update(Liquibase.java:212) ~[liquibase-core-4.27.0.jar:na]
	at liquibase.integration.spring.SpringLiquibase.performUpdate(SpringLiquibase.java:297) ~[liquibase-core-4.27.0.jar:na]
	at liquibase.integration.spring.SpringLiquibase.lambda$afterPropertiesSet$0(SpringLiquibase.java:249) ~[liquibase-core-4.27.0.jar:na]
	at liquibase.Scope.lambda$child$0(Scope.java:190) ~[liquibase-core-4.27.0.jar:na]
	at liquibase.Scope.child(Scope.java:199) ~[liquibase-core-4.27.0.jar:na]
	at liquibase.Scope.child(Scope.java:189) ~[liquibase-core-4.27.0.jar:na]
	at liquibase.Scope.child(Scope.java:168) ~[liquibase-core-4.27.0.jar:na]
	at liquibase.Scope.child(Scope.java:256) ~[liquibase-core-4.27.0.jar:na]
	at liquibase.integration.spring.SpringLiquibase.afterPropertiesSet(SpringLiquibase.java:242) ~[liquibase-core-4.27.0.jar:na]
	... 115 common frames omitted
Caused by: liquibase.exception.LiquibaseException: liquibase.exception.MigrationFailedException: Migration failed for changeset db/changelog-test/db.changelog-test-1.sql::raw::includeAll:
     Reason: liquibase.exception.DatabaseException: ERROR: relation "tutorial" already exists [Failed SQL: (0) CREATE TABLE tutorial (id BIGINT, title VARCHAR(255), description VARCHAR(255), published BOOLEAN, filename VARCHAR(255), PRIMARY KEY (id))]
	at liquibase.changelog.ChangeLogIterator.run(ChangeLogIterator.java:151) ~[liquibase-core-4.27.0.jar:na]
	at liquibase.command.core.AbstractUpdateCommandStep.lambda$run$0(AbstractUpdateCommandStep.java:112) ~[liquibase-core-4.27.0.jar:na]
	at liquibase.Scope.lambda$child$0(Scope.java:190) ~[liquibase-core-4.27.0.jar:na]
	at liquibase.Scope.child(Scope.java:199) ~[liquibase-core-4.27.0.jar:na]
	at liquibase.Scope.child(Scope.java:189) ~[liquibase-core-4.27.0.jar:na]
	at liquibase.Scope.child(Scope.java:168) ~[liquibase-core-4.27.0.jar:na]
	at liquibase.command.core.AbstractUpdateCommandStep.run(AbstractUpdateCommandStep.java:110) ~[liquibase-core-4.27.0.jar:na]
	at liquibase.command.core.UpdateCommandStep.run(UpdateCommandStep.java:105) ~[liquibase-core-4.27.0.jar:na]
	at liquibase.command.CommandScope.execute(CommandScope.java:219) ~[liquibase-core-4.27.0.jar:na]
	... 131 common frames omitted
Caused by: liquibase.exception.MigrationFailedException: Migration failed for changeset db/changelog-test/db.changelog-test-1.sql::raw::includeAll:
     Reason: liquibase.exception.DatabaseException: ERROR: relation "tutorial" already exists [Failed SQL: (0) CREATE TABLE tutorial (id BIGINT, title VARCHAR(255), description VARCHAR(255), published BOOLEAN, filename VARCHAR(255), PRIMARY KEY (id))]
	at liquibase.changelog.ChangeSet.execute(ChangeSet.java:808) ~[liquibase-core-4.27.0.jar:na]
	at liquibase.changelog.visitor.UpdateVisitor.executeAcceptedChange(UpdateVisitor.java:119) ~[liquibase-core-4.27.0.jar:na]
	at liquibase.changelog.visitor.UpdateVisitor.visit(UpdateVisitor.java:68) ~[liquibase-core-4.27.0.jar:na]
	at liquibase.changelog.ChangeLogIterator$2.lambda$run$0(ChangeLogIterator.java:133) ~[liquibase-core-4.27.0.jar:na]
	at liquibase.Scope.lambda$child$0(Scope.java:190) ~[liquibase-core-4.27.0.jar:na]
	at liquibase.Scope.child(Scope.java:199) ~[liquibase-core-4.27.0.jar:na]
	at liquibase.Scope.child(Scope.java:189) ~[liquibase-core-4.27.0.jar:na]
	at liquibase.Scope.child(Scope.java:168) ~[liquibase-core-4.27.0.jar:na]
	at liquibase.changelog.ChangeLogIterator$2.run(ChangeLogIterator.java:122) ~[liquibase-core-4.27.0.jar:na]
	at liquibase.Scope.lambda$child$0(Scope.java:190) ~[liquibase-core-4.27.0.jar:na]
	at liquibase.Scope.child(Scope.java:199) ~[liquibase-core-4.27.0.jar:na]
	at liquibase.Scope.child(Scope.java:189) ~[liquibase-core-4.27.0.jar:na]
	at liquibase.Scope.child(Scope.java:168) ~[liquibase-core-4.27.0.jar:na]
	at liquibase.Scope.child(Scope.java:256) ~[liquibase-core-4.27.0.jar:na]
	at liquibase.Scope.child(Scope.java:260) ~[liquibase-core-4.27.0.jar:na]
	at liquibase.changelog.ChangeLogIterator.run(ChangeLogIterator.java:89) ~[liquibase-core-4.27.0.jar:na]
	... 139 common frames omitted
Caused by: liquibase.exception.DatabaseException: ERROR: relation "tutorial" already exists [Failed SQL: (0) CREATE TABLE tutorial (id BIGINT, title VARCHAR(255), description VARCHAR(255), published BOOLEAN, filename VARCHAR(255), PRIMARY KEY (id))]
	at liquibase.executor.jvm.JdbcExecutor$ExecuteStatementCallback.doInStatement(JdbcExecutor.java:473) ~[liquibase-core-4.27.0.jar:na]
	at liquibase.executor.jvm.JdbcExecutor.execute(JdbcExecutor.java:80) ~[liquibase-core-4.27.0.jar:na]
	at liquibase.executor.jvm.JdbcExecutor.execute(JdbcExecutor.java:182) ~[liquibase-core-4.27.0.jar:na]
	at liquibase.executor.AbstractExecutor.execute(AbstractExecutor.java:141) ~[liquibase-core-4.27.0.jar:na]
	at liquibase.database.AbstractJdbcDatabase.executeStatements(AbstractJdbcDatabase.java:1176) ~[liquibase-core-4.27.0.jar:na]
	at liquibase.changelog.ChangeSet.execute(ChangeSet.java:764) ~[liquibase-core-4.27.0.jar:na]
	... 154 common frames omitted
Caused by: org.postgresql.util.PSQLException: ERROR: relation "tutorial" already exists
	at org.postgresql.core.v3.QueryExecutorImpl.receiveErrorResponse(QueryExecutorImpl.java:2725) ~[postgresql-42.7.3.jar:42.7.3]
	at org.postgresql.core.v3.QueryExecutorImpl.processResults(QueryExecutorImpl.java:2412) ~[postgresql-42.7.3.jar:42.7.3]
	at org.postgresql.core.v3.QueryExecutorImpl.execute(QueryExecutorImpl.java:371) ~[postgresql-42.7.3.jar:42.7.3]
	at org.postgresql.jdbc.PgStatement.executeInternal(PgStatement.java:502) ~[postgresql-42.7.3.jar:42.7.3]
	at org.postgresql.jdbc.PgStatement.execute(PgStatement.java:419) ~[postgresql-42.7.3.jar:42.7.3]
	at org.postgresql.jdbc.PgStatement.executeWithFlags(PgStatement.java:341) ~[postgresql-42.7.3.jar:42.7.3]
	at org.postgresql.jdbc.PgStatement.executeCachedSql(PgStatement.java:326) ~[postgresql-42.7.3.jar:42.7.3]
	at org.postgresql.jdbc.PgStatement.executeWithFlags(PgStatement.java:302) ~[postgresql-42.7.3.jar:42.7.3]
	at org.postgresql.jdbc.PgStatement.execute(PgStatement.java:297) ~[postgresql-42.7.3.jar:42.7.3]
	at com.zaxxer.hikari.pool.ProxyStatement.execute(ProxyStatement.java:94) ~[HikariCP-5.1.0.jar:na]
	at com.zaxxer.hikari.pool.HikariProxyStatement.execute(HikariProxyStatement.java) ~[HikariCP-5.1.0.jar:na]
	at liquibase.executor.jvm.JdbcExecutor$ExecuteStatementCallback.doInStatement(JdbcExecutor.java:467) ~[liquibase-core-4.27.0.jar:na]
	... 159 common frames omitted

[...]
	at org.spockframework.runtime.PlatformSpecRunner.invoke(PlatformSpecRunner.java:422) ~[spock-core-2.4-M4-groovy-4.0.jar:2.4-M4]
	at org.spockframework.runtime.PlatformSpecRunner.runSpec(PlatformSpecRunner.java:59) ~[spock-core-2.4-M4-groovy-4.0.jar:2.4-M4]
	at org.spockframework.runtime.SpecNode.around(SpecNode.java:72) ~[spock-core-2.4-M4-groovy-4.0.jar:2.4-M4]
	at org.spockframework.runtime.SpecNode.around(SpecNode.java:12) ~[spock-core-2.4-M4-groovy-4.0.jar:2.4-M4]
	at org.junit.platform.engine.support.hierarchical.NodeTestTask.lambda$executeRecursively$9(NodeTestTask.java:139) ~[junit-platform-engine-1.10.3.jar:1.10.3]
	at org.junit.platform.engine.support.hierarchical.ThrowableCollector.execute(ThrowableCollector.java:73) ~[junit-platform-engine-1.10.3.jar:1.10.3]
	at org.junit.platform.engine.support.hierarchical.NodeTestTask.executeRecursively(NodeTestTask.java:138) ~[junit-platform-engine-1.10.3.jar:1.10.3]
	at org.junit.platform.engine.support.hierarchical.NodeTestTask.execute(NodeTestTask.java:95) ~[junit-platform-engine-1.10.3.jar:1.10.3]
	at java.base/java.util.ArrayList.forEach(ArrayList.java:1511) ~[na:na]
	at org.junit.platform.engine.support.hierarchical.SameThreadHierarchicalTestExecutorService.invokeAll(SameThreadHierarchicalTestExecutorService.java:41) ~[junit-platform-engine-1.10.3.jar:1.10.3]
	at org.junit.platform.engine.support.hierarchical.NodeTestTask.lambda$executeRecursively$6(NodeTestTask.java:155) ~[junit-platform-engine-1.10.3.jar:1.10.3]
	at org.junit.platform.engine.support.hierarchical.ThrowableCollector.execute(ThrowableCollector.java:73) ~[junit-platform-engine-1.10.3.jar:1.10.3]
	at org.junit.platform.engine.support.hierarchical.NodeTestTask.lambda$executeRecursively$8(NodeTestTask.java:141) ~[junit-platform-engine-1.10.3.jar:1.10.3]
	at org.junit.platform.engine.support.hierarchical.Node.around(Node.java:137) ~[junit-platform-engine-1.10.3.jar:1.10.3]
	at org.junit.platform.engine.support.hierarchical.NodeTestTask.lambda$executeRecursively$9(NodeTestTask.java:139) ~[junit-platform-engine-1.10.3.jar:1.10.3]
	at org.junit.platform.engine.support.hierarchical.ThrowableCollector.execute(ThrowableCollector.java:73) ~[junit-platform-engine-1.10.3.jar:1.10.3]
	at org.junit.platform.engine.support.hierarchical.NodeTestTask.executeRecursively(NodeTestTask.java:138) ~[junit-platform-engine-1.10.3.jar:1.10.3]
	at org.junit.platform.engine.support.hierarchical.NodeTestTask.execute(NodeTestTask.java:95) ~[junit-platform-engine-1.10.3.jar:1.10.3]
	at org.junit.platform.engine.support.hierarchical.SameThreadHierarchicalTestExecutorService.submit(SameThreadHierarchicalTestExecutorService.java:35) ~[junit-platform-engine-1.10.3.jar:1.10.3]
	at org.junit.platform.engine.support.hierarchical.HierarchicalTestExecutor.execute(HierarchicalTestExecutor.java:57) ~[junit-platform-engine-1.10.3.jar:1.10.3]
	at org.junit.platform.engine.support.hierarchical.HierarchicalTestEngine.execute(HierarchicalTestEngine.java:54) ~[junit-platform-engine-1.10.3.jar:1.10.3]
	at org.junit.platform.launcher.core.EngineExecutionOrchestrator.execute(EngineExecutionOrchestrator.java:198) ~[junit-platform-launcher-1.10.3.jar:1.10.3]
	at org.junit.platform.launcher.core.EngineExecutionOrchestrator.execute(EngineExecutionOrchestrator.java:169) ~[junit-platform-launcher-1.10.3.jar:1.10.3]
	at org.junit.platform.launcher.core.EngineExecutionOrchestrator.execute(EngineExecutionOrchestrator.java:93) ~[junit-platform-launcher-1.10.3.jar:1.10.3]
	at org.junit.platform.launcher.core.EngineExecutionOrchestrator.lambda$execute$0(EngineExecutionOrchestrator.java:58) ~[junit-platform-launcher-1.10.3.jar:1.10.3]
	at org.junit.platform.launcher.core.EngineExecutionOrchestrator.withInterceptedStreams(EngineExecutionOrchestrator.java:141) ~[junit-platform-launcher-1.10.3.jar:1.10.3]
	at org.junit.platform.launcher.core.EngineExecutionOrchestrator.execute(EngineExecutionOrchestrator.java:57) ~[junit-platform-launcher-1.10.3.jar:1.10.3]
	at org.junit.platform.launcher.core.DefaultLauncher.execute(DefaultLauncher.java:103) ~[junit-platform-launcher-1.10.3.jar:1.10.3]
	at org.junit.platform.launcher.core.DefaultLauncher.execute(DefaultLauncher.java:85) ~[junit-platform-launcher-1.10.3.jar:1.10.3]
	at org.junit.platform.launcher.core.DelegatingLauncher.execute(DelegatingLauncher.java:47) ~[junit-platform-launcher-1.10.3.jar:1.10.3]
	at org.apache.maven.surefire.junitplatform.LazyLauncher.execute(LazyLauncher.java:56) ~[surefire-junit-platform-3.2.5.jar:3.2.5]
	at org.apache.maven.surefire.junitplatform.JUnitPlatformProvider.execute(JUnitPlatformProvider.java:184) ~[surefire-junit-platform-3.2.5.jar:3.2.5]
	at org.apache.maven.surefire.junitplatform.JUnitPlatformProvider.invokeAllTests(JUnitPlatformProvider.java:148) ~[surefire-junit-platform-3.2.5.jar:3.2.5]
	at org.apache.maven.surefire.junitplatform.JUnitPlatformProvider.invoke(JUnitPlatformProvider.java:122) ~[surefire-junit-platform-3.2.5.jar:3.2.5]
	at org.apache.maven.surefire.booter.ForkedBooter.runSuitesInProcess(ForkedBooter.java:385) ~[surefire-booter-3.2.5.jar:3.2.5]
	at org.apache.maven.surefire.booter.ForkedBooter.execute(ForkedBooter.java:162) ~[surefire-booter-3.2.5.jar:3.2.5]
	at org.apache.maven.surefire.booter.ForkedBooter.run(ForkedBooter.java:507) ~[surefire-booter-3.2.5.jar:3.2.5]
	at org.apache.maven.surefire.booter.ForkedBooter.main(ForkedBooter.java:495) ~[surefire-booter-3.2.5.jar:3.2.5]
Caused by: org.springframework.beans.factory.BeanCreationException: Error creating bean with name 'entityManagerFactory' defined in class path resource [org/springframework/boot/autoconfigure/orm/jpa/HibernateJpaConfiguration.class]: Failed to initialize dependency 'liquibase' of LoadTimeWeaverAware bean 'entityManagerFactory': Error creating bean with name 'liquibase' defined in class path resource [org/springframework/boot/autoconfigure/liquibase/LiquibaseAutoConfiguration$LiquibaseConfiguration.class]: liquibase.exception.CommandExecutionException: liquibase.exception.LiquibaseException: liquibase.exception.MigrationFailedException: Migration failed for changeset db/changelog-test/db.changelog-test-1.sql::raw::includeAll:
     Reason: liquibase.exception.DatabaseException: ERROR: relation "tutorial" already exists [Failed SQL: (0) CREATE TABLE tutorial (id BIGINT, title VARCHAR(255), description VARCHAR(255), published BOOLEAN, filename VARCHAR(255), PRIMARY KEY (id))]
	at org.springframework.beans.factory.support.AbstractBeanFactory.doGetBean(AbstractBeanFactory.java:326) ~[spring-beans-6.1.12.jar:6.1.12]
	at org.springframework.beans.factory.support.AbstractBeanFactory.getBean(AbstractBeanFactory.java:205) ~[spring-beans-6.1.12.jar:6.1.12]
	at org.springframework.context.support.AbstractApplicationContext.finishBeanFactoryInitialization(AbstractApplicationContext.java:954) ~[spring-context-6.1.12.jar:6.1.12]
	at org.springframework.context.support.AbstractApplicationContext.refresh(AbstractApplicationContext.java:625) ~[spring-context-6.1.12.jar:6.1.12]
	at org.springframework.boot.web.servlet.context.ServletWebServerApplicationContext.refresh(ServletWebServerApplicationContext.java:146) ~[spring-boot-3.3.3.jar:3.3.3]
	at org.springframework.boot.SpringApplication.refresh(SpringApplication.java:754) ~[spring-boot-3.3.3.jar:3.3.3]
	at org.springframework.boot.SpringApplication.refreshContext(SpringApplication.java:456) ~[spring-boot-3.3.3.jar:3.3.3]
	at org.springframework.boot.SpringApplication.run(SpringApplication.java:335) ~[spring-boot-3.3.3.jar:3.3.3]
	at org.springframework.boot.test.context.SpringBootContextLoader.lambda$loadContext$3(SpringBootContextLoader.java:137) ~[spring-boot-test-3.3.3.jar:3.3.3]
	at org.springframework.util.function.ThrowingSupplier.get(ThrowingSupplier.java:58) ~[spring-core-6.1.12.jar:6.1.12]
	at org.springframework.util.function.ThrowingSupplier.get(ThrowingSupplier.java:46) ~[spring-core-6.1.12.jar:6.1.12]
	at org.springframework.boot.SpringApplication.withHook(SpringApplication.java:1463) ~[spring-boot-3.3.3.jar:3.3.3]
	at org.springframework.boot.test.context.SpringBootContextLoader$ContextLoaderHook.run(SpringBootContextLoader.java:553) ~[spring-boot-test-3.3.3.jar:3.3.3]
	at org.springframework.boot.test.context.SpringBootContextLoader.loadContext(SpringBootContextLoader.java:137) ~[spring-boot-test-3.3.3.jar:3.3.3]
	at org.springframework.boot.test.context.SpringBootContextLoader.loadContext(SpringBootContextLoader.java:108) ~[spring-boot-test-3.3.3.jar:3.3.3]
	at org.springframework.test.context.cache.DefaultCacheAwareContextLoaderDelegate.loadContextInternal(DefaultCacheAwareContextLoaderDelegate.java:225) ~[spring-test-6.1.12.jar:6.1.12]
	at org.springframework.test.context.cache.DefaultCacheAwareContextLoaderDelegate.loadContext(DefaultCacheAwareContextLoaderDelegate.java:152) ~[spring-test-6.1.12.jar:6.1.12]
	... 90 common frames omitted
Caused by: org.springframework.beans.factory.BeanCreationException: Error creating bean with name 'liquibase' defined in class path resource [org/springframework/boot/autoconfigure/liquibase/LiquibaseAutoConfiguration$LiquibaseConfiguration.class]: liquibase.exception.CommandExecutionException: liquibase.exception.LiquibaseException: liquibase.exception.MigrationFailedException: Migration failed for changeset db/changelog-test/db.changelog-test-1.sql::raw::includeAll:
     Reason: liquibase.exception.DatabaseException: ERROR: relation "tutorial" already exists [Failed SQL: (0) CREATE TABLE tutorial (id BIGINT, title VARCHAR(255), description VARCHAR(255), published BOOLEAN, filename VARCHAR(255), PRIMARY KEY (id))]
	at org.springframework.beans.factory.support.AbstractAutowireCapableBeanFactory.initializeBean(AbstractAutowireCapableBeanFactory.java:1806) ~[spring-beans-6.1.12.jar:6.1.12]
	at org.springframework.beans.factory.support.AbstractAutowireCapableBeanFactory.doCreateBean(AbstractAutowireCapableBeanFactory.java:600) ~[spring-beans-6.1.12.jar:6.1.12]
	at org.springframework.beans.factory.support.AbstractAutowireCapableBeanFactory.createBean(AbstractAutowireCapableBeanFactory.java:522) ~[spring-beans-6.1.12.jar:6.1.12]
	at org.springframework.beans.factory.support.AbstractBeanFactory.lambda$doGetBean$0(AbstractBeanFactory.java:337) ~[spring-beans-6.1.12.jar:6.1.12]
	at org.springframework.beans.factory.support.DefaultSingletonBeanRegistry.getSingleton(DefaultSingletonBeanRegistry.java:234) ~[spring-beans-6.1.12.jar:6.1.12]
	at org.springframework.beans.factory.support.AbstractBeanFactory.doGetBean(AbstractBeanFactory.java:335) ~[spring-beans-6.1.12.jar:6.1.12]
	at org.springframework.beans.factory.support.AbstractBeanFactory.getBean(AbstractBeanFactory.java:200) ~[spring-beans-6.1.12.jar:6.1.12]
	at org.springframework.beans.factory.support.AbstractBeanFactory.doGetBean(AbstractBeanFactory.java:313) ~[spring-beans-6.1.12.jar:6.1.12]
	... 106 common frames omitted
Caused by: liquibase.exception.UnexpectedLiquibaseException: liquibase.exception.CommandExecutionException: liquibase.exception.LiquibaseException: liquibase.exception.MigrationFailedException: Migration failed for changeset db/changelog-test/db.changelog-test-1.sql::raw::includeAll:
     Reason: liquibase.exception.DatabaseException: ERROR: relation "tutorial" already exists [Failed SQL: (0) CREATE TABLE tutorial (id BIGINT, title VARCHAR(255), description VARCHAR(255), published BOOLEAN, filename VARCHAR(255), PRIMARY KEY (id))]
	at liquibase.integration.spring.SpringLiquibase.afterPropertiesSet(SpringLiquibase.java:259) ~[liquibase-core-4.27.0.jar:na]
	at org.springframework.beans.factory.support.AbstractAutowireCapableBeanFactory.invokeInitMethods(AbstractAutowireCapableBeanFactory.java:1853) ~[spring-beans-6.1.12.jar:6.1.12]
	at org.springframework.beans.factory.support.AbstractAutowireCapableBeanFactory.initializeBean(AbstractAutowireCapableBeanFactory.java:1802) ~[spring-beans-6.1.12.jar:6.1.12]
	... 113 common frames omitted
Caused by: liquibase.exception.CommandExecutionException: liquibase.exception.LiquibaseException: liquibase.exception.MigrationFailedException: Migration failed for changeset db/changelog-test/db.changelog-test-1.sql::raw::includeAll:
     Reason: liquibase.exception.DatabaseException: ERROR: relation "tutorial" already exists [Failed SQL: (0) CREATE TABLE tutorial (id BIGINT, title VARCHAR(255), description VARCHAR(255), published BOOLEAN, filename VARCHAR(255), PRIMARY KEY (id))]
	at liquibase.command.CommandScope.execute(CommandScope.java:257) ~[liquibase-core-4.27.0.jar:na]
	at liquibase.Liquibase.lambda$update$0(Liquibase.java:245) ~[liquibase-core-4.27.0.jar:na]
	at liquibase.Scope.lambda$child$0(Scope.java:190) ~[liquibase-core-4.27.0.jar:na]
	at liquibase.Scope.child(Scope.java:199) ~[liquibase-core-4.27.0.jar:na]
	at liquibase.Scope.child(Scope.java:189) ~[liquibase-core-4.27.0.jar:na]
	at liquibase.Scope.child(Scope.java:168) ~[liquibase-core-4.27.0.jar:na]
	at liquibase.Liquibase.runInScope(Liquibase.java:1436) ~[liquibase-core-4.27.0.jar:na]
	at liquibase.Liquibase.update(Liquibase.java:234) ~[liquibase-core-4.27.0.jar:na]
	at liquibase.Liquibase.update(Liquibase.java:212) ~[liquibase-core-4.27.0.jar:na]
	at liquibase.integration.spring.SpringLiquibase.performUpdate(SpringLiquibase.java:297) ~[liquibase-core-4.27.0.jar:na]
	at liquibase.integration.spring.SpringLiquibase.lambda$afterPropertiesSet$0(SpringLiquibase.java:249) ~[liquibase-core-4.27.0.jar:na]
	at liquibase.Scope.lambda$child$0(Scope.java:190) ~[liquibase-core-4.27.0.jar:na]
	at liquibase.Scope.child(Scope.java:199) ~[liquibase-core-4.27.0.jar:na]
	at liquibase.Scope.child(Scope.java:189) ~[liquibase-core-4.27.0.jar:na]
	at liquibase.Scope.child(Scope.java:168) ~[liquibase-core-4.27.0.jar:na]
	at liquibase.Scope.child(Scope.java:256) ~[liquibase-core-4.27.0.jar:na]
	at liquibase.integration.spring.SpringLiquibase.afterPropertiesSet(SpringLiquibase.java:242) ~[liquibase-core-4.27.0.jar:na]
	... 115 common frames omitted
Caused by: liquibase.exception.LiquibaseException: liquibase.exception.MigrationFailedException: Migration failed for changeset db/changelog-test/db.changelog-test-1.sql::raw::includeAll:
     Reason: liquibase.exception.DatabaseException: ERROR: relation "tutorial" already exists [Failed SQL: (0) CREATE TABLE tutorial (id BIGINT, title VARCHAR(255), description VARCHAR(255), published BOOLEAN, filename VARCHAR(255), PRIMARY KEY (id))]
	at liquibase.changelog.ChangeLogIterator.run(ChangeLogIterator.java:151) ~[liquibase-core-4.27.0.jar:na]
	at liquibase.command.core.AbstractUpdateCommandStep.lambda$run$0(AbstractUpdateCommandStep.java:112) ~[liquibase-core-4.27.0.jar:na]
	at liquibase.Scope.lambda$child$0(Scope.java:190) ~[liquibase-core-4.27.0.jar:na]
	at liquibase.Scope.child(Scope.java:199) ~[liquibase-core-4.27.0.jar:na]
	at liquibase.Scope.child(Scope.java:189) ~[liquibase-core-4.27.0.jar:na]
	at liquibase.Scope.child(Scope.java:168) ~[liquibase-core-4.27.0.jar:na]
	at liquibase.command.core.AbstractUpdateCommandStep.run(AbstractUpdateCommandStep.java:110) ~[liquibase-core-4.27.0.jar:na]
	at liquibase.command.core.UpdateCommandStep.run(UpdateCommandStep.java:105) ~[liquibase-core-4.27.0.jar:na]
	at liquibase.command.CommandScope.execute(CommandScope.java:219) ~[liquibase-core-4.27.0.jar:na]
	... 131 common frames omitted
Caused by: liquibase.exception.MigrationFailedException: Migration failed for changeset db/changelog-test/db.changelog-test-1.sql::raw::includeAll:
     Reason: liquibase.exception.DatabaseException: ERROR: relation "tutorial" already exists [Failed SQL: (0) CREATE TABLE tutorial (id BIGINT, title VARCHAR(255), description VARCHAR(255), published BOOLEAN, filename VARCHAR(255), PRIMARY KEY (id))]
	at liquibase.changelog.ChangeSet.execute(ChangeSet.java:808) ~[liquibase-core-4.27.0.jar:na]
	at liquibase.changelog.visitor.UpdateVisitor.executeAcceptedChange(UpdateVisitor.java:119) ~[liquibase-core-4.27.0.jar:na]
	at liquibase.changelog.visitor.UpdateVisitor.visit(UpdateVisitor.java:68) ~[liquibase-core-4.27.0.jar:na]
	at liquibase.changelog.ChangeLogIterator$2.lambda$run$0(ChangeLogIterator.java:133) ~[liquibase-core-4.27.0.jar:na]
	at liquibase.Scope.lambda$child$0(Scope.java:190) ~[liquibase-core-4.27.0.jar:na]
	at liquibase.Scope.child(Scope.java:199) ~[liquibase-core-4.27.0.jar:na]
	at liquibase.Scope.child(Scope.java:189) ~[liquibase-core-4.27.0.jar:na]
	at liquibase.Scope.child(Scope.java:168) ~[liquibase-core-4.27.0.jar:na]
	at liquibase.changelog.ChangeLogIterator$2.run(ChangeLogIterator.java:122) ~[liquibase-core-4.27.0.jar:na]
	at liquibase.Scope.lambda$child$0(Scope.java:190) ~[liquibase-core-4.27.0.jar:na]
	at liquibase.Scope.child(Scope.java:199) ~[liquibase-core-4.27.0.jar:na]
	at liquibase.Scope.child(Scope.java:189) ~[liquibase-core-4.27.0.jar:na]
	at liquibase.Scope.child(Scope.java:168) ~[liquibase-core-4.27.0.jar:na]
	at liquibase.Scope.child(Scope.java:256) ~[liquibase-core-4.27.0.jar:na]
	at liquibase.Scope.child(Scope.java:260) ~[liquibase-core-4.27.0.jar:na]
	at liquibase.changelog.ChangeLogIterator.run(ChangeLogIterator.java:89) ~[liquibase-core-4.27.0.jar:na]
	... 139 common frames omitted
Caused by: liquibase.exception.DatabaseException: ERROR: relation "tutorial" already exists [Failed SQL: (0) CREATE TABLE tutorial (id BIGINT, title VARCHAR(255), description VARCHAR(255), published BOOLEAN, filename VARCHAR(255), PRIMARY KEY (id))]
	at liquibase.executor.jvm.JdbcExecutor$ExecuteStatementCallback.doInStatement(JdbcExecutor.java:473) ~[liquibase-core-4.27.0.jar:na]
	at liquibase.executor.jvm.JdbcExecutor.execute(JdbcExecutor.java:80) ~[liquibase-core-4.27.0.jar:na]
	at liquibase.executor.jvm.JdbcExecutor.execute(JdbcExecutor.java:182) ~[liquibase-core-4.27.0.jar:na]
	at liquibase.executor.AbstractExecutor.execute(AbstractExecutor.java:141) ~[liquibase-core-4.27.0.jar:na]
	at liquibase.database.AbstractJdbcDatabase.executeStatements(AbstractJdbcDatabase.java:1176) ~[liquibase-core-4.27.0.jar:na]
	at liquibase.changelog.ChangeSet.execute(ChangeSet.java:764) ~[liquibase-core-4.27.0.jar:na]
	... 154 common frames omitted
Caused by: org.postgresql.util.PSQLException: ERROR: relation "tutorial" already exists
	at org.postgresql.core.v3.QueryExecutorImpl.receiveErrorResponse(QueryExecutorImpl.java:2725) ~[postgresql-42.7.3.jar:42.7.3]
	at org.postgresql.core.v3.QueryExecutorImpl.processResults(QueryExecutorImpl.java:2412) ~[postgresql-42.7.3.jar:42.7.3]
	at org.postgresql.core.v3.QueryExecutorImpl.execute(QueryExecutorImpl.java:371) ~[postgresql-42.7.3.jar:42.7.3]
	at org.postgresql.jdbc.PgStatement.executeInternal(PgStatement.java:502) ~[postgresql-42.7.3.jar:42.7.3]
	at org.postgresql.jdbc.PgStatement.execute(PgStatement.java:419) ~[postgresql-42.7.3.jar:42.7.3]
	at org.postgresql.jdbc.PgStatement.executeWithFlags(PgStatement.java:341) ~[postgresql-42.7.3.jar:42.7.3]
	at org.postgresql.jdbc.PgStatement.executeCachedSql(PgStatement.java:326) ~[postgresql-42.7.3.jar:42.7.3]
	at org.postgresql.jdbc.PgStatement.executeWithFlags(PgStatement.java:302) ~[postgresql-42.7.3.jar:42.7.3]
	at org.postgresql.jdbc.PgStatement.execute(PgStatement.java:297) ~[postgresql-42.7.3.jar:42.7.3]
	at com.zaxxer.hikari.pool.ProxyStatement.execute(ProxyStatement.java:94) ~[HikariCP-5.1.0.jar:na]
	at com.zaxxer.hikari.pool.HikariProxyStatement.execute(HikariProxyStatement.java) ~[HikariCP-5.1.0.jar:na]
	at liquibase.executor.jvm.JdbcExecutor$ExecuteStatementCallback.doInStatement(JdbcExecutor.java:467) ~[liquibase-core-4.27.0.jar:na]
	... 159 common frames omitted

]]></system-out>
    <system-err><![CDATA[


============================
CONDITIONS EVALUATION REPORT
============================


Positive matches:
-----------------

    None


Negative matches:
-----------------

    None


Exclusions:
-----------

    None


Unconditional classes:
----------------------

    None



]]></system-err>
  </testcase>
</testsuite>